<testng-results>
  <suite name="functional-access-tests by packages">
    <groups>
      <group name="preflight">
        <method signature="com.vmware.qe.vcloud.tests.server.c2.catalog.CatalogOperations.createSharedPublishedCatalog()" name="createSharedPublishedCatalog" class="com.vmware.qe.vcloud.tests.server.c2.catalog.CatalogOperations"/>
        <method signature="com.vmware.qe.vcloud.tests.server.c2.catalog.CatalogOperations.removeEmptyCatalog()" name="removeEmptyCatalog" class="com.vmware.qe.vcloud.tests.server.c2.catalog.CatalogOperations"/>
        <method signature="com.vmware.qe.vcloud.tests.server.c2.catalog.CatalogPublish.copyMediaFromPublishedCatalog()" name="copyMediaFromPublishedCatalog" class="com.vmware.qe.vcloud.tests.server.c2.catalog.CatalogPublish"/>
        <method signature="com.vmware.qe.vcloud.tests.server.c2.fastProvisioning.FastProvisioningForCatalogTest.copyTemplateWithinSameOrgVdcFastProvisioned()" name="copyTemplateWithinSameOrgVdcFastProvisioned" class="com.vmware.qe.vcloud.tests.server.c2.fastProvisioning.FastProvisioningForCatalogTest"/>
        <method signature="com.vmware.qe.vcloud.tests.server.c2.media.MediaDelete.deleteNonBusyMedia(com.vmware.qe.vcloud.server.impl.connection.VcdLogin)" name="deleteNonBusyMedia" class="com.vmware.qe.vcloud.tests.server.c2.media.MediaDelete"/>
        <method signature="com.vmware.qe.vcloud.tests.server.c2.media.MediaUpload.uploadMediaSmallIso()" name="uploadMediaSmallIso" class="com.vmware.qe.vcloud.tests.server.c2.media.MediaUpload"/>
        <method signature="com.vmware.qe.vcloud.tests.server.c2.vapplifecycle.AddVmToVapp.addNewVmToExistingVapp()" name="addNewVmToExistingVapp" class="com.vmware.qe.vcloud.tests.server.c2.vapplifecycle.AddVmToVapp"/>
        <method signature="com.vmware.qe.vcloud.tests.server.c2.vapplifecycle.ComputerNameAndFullName.editVAppProperties()" name="editVAppProperties" class="com.vmware.qe.vcloud.tests.server.c2.vapplifecycle.ComputerNameAndFullName"/>
        <method signature="com.vmware.qe.vcloud.tests.server.c2.vapplifecycle.VappCopyMove.copyVappCrossOrgVdcSameVc()" name="copyVappCrossOrgVdcSameVc" class="com.vmware.qe.vcloud.tests.server.c2.vapplifecycle.VappCopyMove"/>
        <method signature="com.vmware.qe.vcloud.tests.server.c2.vapplifecycle.VappDeployTests.captureVappDeployUndeployDelete()" name="captureVappDeployUndeployDelete" class="com.vmware.qe.vcloud.tests.server.c2.vapplifecycle.VappDeployTests"/>
        <method signature="com.vmware.qe.vcloud.tests.server.c2.vapplifecycle.VappDeployTests.oneVmOff()" name="oneVmOff" class="com.vmware.qe.vcloud.tests.server.c2.vapplifecycle.VappDeployTests"/>
        <method signature="com.vmware.qe.vcloud.tests.server.c2.vapplifecycle.VappVmActionsTests.vAppVmDelete()" name="vAppVmDelete" class="com.vmware.qe.vcloud.tests.server.c2.vapplifecycle.VappVmActionsTests"/>
        <method signature="com.vmware.qe.vcloud.tests.server.c2.vapplifecycle.VappVmActionsTests.vAppVmPowerOffEdit()" name="vAppVmPowerOffEdit" class="com.vmware.qe.vcloud.tests.server.c2.vapplifecycle.VappVmActionsTests"/>
        <method signature="com.vmware.qe.vcloud.tests.server.c2.vapptemplate.VappTemplateActionsTests.vAppTemplateDelete()" name="vAppTemplateDelete" class="com.vmware.qe.vcloud.tests.server.c2.vapptemplate.VappTemplateActionsTests"/>
        <method signature="com.vmware.qe.vcloud.tests.server.c2.vapptemplate.VappTemplateCopyMove.copyTemplateCrossOrgVdc()" name="copyTemplateCrossOrgVdc" class="com.vmware.qe.vcloud.tests.server.c2.vapptemplate.VappTemplateCopyMove"/>
        <method signature="com.vmware.qe.vcloud.tests.server.ee.authentication.LdapBasicMatrix.importLdapUser()" name="importLdapUser" class="com.vmware.qe.vcloud.tests.server.ee.authentication.LdapBasicMatrix"/>
        <method signature="com.vmware.qe.vcloud.tests.server.ee.authentication.LdapBasicMatrix.loginKnownLdapUser()" name="loginKnownLdapUser" class="com.vmware.qe.vcloud.tests.server.ee.authentication.LdapBasicMatrix"/>
        <method signature="com.vmware.qe.vcloud.tests.server.ee.authentication.OrgLdapUsers.deleteLdapUserLocalTableLoginFailNegative()" name="deleteLdapUserLocalTableLoginFailNegative" class="com.vmware.qe.vcloud.tests.server.ee.authentication.OrgLdapUsers"/>
        <method signature="com.vmware.qe.vcloud.tests.server.ee.authentication.SystemLocalUsers.createSystemUser()" name="createSystemUser" class="com.vmware.qe.vcloud.tests.server.ee.authentication.SystemLocalUsers"/>
        <method signature="com.vmware.qe.vcloud.tests.server.ee.settings.OrgLifecycle.OrganizationLifecycle.createOrganization()" name="createOrganization" class="com.vmware.qe.vcloud.tests.server.ee.settings.OrgLifecycle.OrganizationLifecycle"/>
        <method signature="com.vmware.qe.vcloud.tests.server.ee.settings.OrgLifecycle.OrganizationLifecycle.deleteOrganization()" name="deleteOrganization" class="com.vmware.qe.vcloud.tests.server.ee.settings.OrgLifecycle.OrganizationLifecycle"/>
        <method signature="com.vmware.qe.vcloud.tests.server.ee.settings.orgadmin.orgpolicy.leases.VAppRuntimeStorageLeases.changeToNewRuntimeLease()" name="changeToNewRuntimeLease" class="com.vmware.qe.vcloud.tests.server.ee.settings.orgadmin.orgpolicy.leases.VAppRuntimeStorageLeases"/>
        <method signature="com.vmware.qe.vcloud.tests.server.networking.networkmanagement.systemscope.edgegateway.DeleteGateway.deleteGatewayNotConnectedToRoutedOrgVDCNetwork()" name="deleteGatewayNotConnectedToRoutedOrgVDCNetwork" class="com.vmware.qe.vcloud.tests.server.networking.networkmanagement.systemscope.edgegateway.DeleteGateway"/>
        <method signature="com.vmware.qe.vcloud.tests.server.networking.networkmanagement.systemscope.networkpools.VMwareNetworkPoolCreateDelete.createNetPoolUsingNewDvPg()" name="createNetPoolUsingNewDvPg" class="com.vmware.qe.vcloud.tests.server.networking.networkmanagement.systemscope.networkpools.VMwareNetworkPoolCreateDelete"/>
        <method signature="com.vmware.qe.vcloud.tests.server.networking.networkmanagement.systemscope.networkpools.VMwareNetworkPoolCreateDelete.createNetworkPoolIsolationBackedWithVLAN()" name="createNetworkPoolIsolationBackedWithVLAN" class="com.vmware.qe.vcloud.tests.server.networking.networkmanagement.systemscope.networkpools.VMwareNetworkPoolCreateDelete"/>
        <method signature="com.vmware.qe.vcloud.tests.server.networking.networkmanagement.systemscope.orgvdcnets.DeleteOrgVDCNets.deleteDirectOrgVdcNetNotInUse()" name="deleteDirectOrgVdcNetNotInUse" class="com.vmware.qe.vcloud.tests.server.networking.networkmanagement.systemscope.orgvdcnets.DeleteOrgVDCNets"/>
        <method signature="com.vmware.qe.vcloud.tests.server.networking.networkmanagement.systemscope.orgvdcnets.DeleteOrgVDCNets.deleteInternalOrgVdcNetNotInUse()" name="deleteInternalOrgVdcNetNotInUse" class="com.vmware.qe.vcloud.tests.server.networking.networkmanagement.systemscope.orgvdcnets.DeleteOrgVDCNets"/>
        <method signature="com.vmware.qe.vcloud.tests.server.networking.networkmanagement.systemscope.orgvdcnets.DeleteOrgVDCNets.deleteRoutedOrgVdcNetNotInUse()" name="deleteRoutedOrgVdcNetNotInUse" class="com.vmware.qe.vcloud.tests.server.networking.networkmanagement.systemscope.orgvdcnets.DeleteOrgVDCNets"/>
        <method signature="com.vmware.qe.vcloud.tests.server.rm.orgvdc.OrgVdcAllocationPool.createAllocationPoolvDCAndPowerOnVappBasicGuarantee()" name="createAllocationPoolvDCAndPowerOnVappBasicGuarantee" class="com.vmware.qe.vcloud.tests.server.rm.orgvdc.OrgVdcAllocationPool"/>
        <method signature="com.vmware.qe.vcloud.tests.server.rm.orgvdc.OrgVdcPayGo.createBasicPayGovDCandPowerOnVapp()" name="createBasicPayGovDCandPowerOnVapp" class="com.vmware.qe.vcloud.tests.server.rm.orgvdc.OrgVdcPayGo"/>
        <method signature="com.vmware.qe.vcloud.tests.server.rm.orgvdc.OrgVdcReservationPool.createReservationPoolvDCandPoweronVappTest1()" name="createReservationPoolvDCandPoweronVappTest1" class="com.vmware.qe.vcloud.tests.server.rm.orgvdc.OrgVdcReservationPool"/>
        <method signature="com.vmware.qe.vcloud.tests.server.rm.pvdc.PvDCCreationEdit.createPvDC()" name="createPvDC" class="com.vmware.qe.vcloud.tests.server.rm.pvdc.PvDCCreationEdit"/>
        <method signature="com.vmware.qe.vcloud.tests.server.rm.pvdc.PvDCCreationEdit.disablePvDC()" name="disablePvDC" class="com.vmware.qe.vcloud.tests.server.rm.pvdc.PvDCCreationEdit"/>
        <method signature="com.vmware.qe.vcloud.tests.server.rm.pvdc.PvDCCreationEdit.enablePvDC()" name="enablePvDC" class="com.vmware.qe.vcloud.tests.server.rm.pvdc.PvDCCreationEdit"/>
      </group>
      <group name="BAT">
        <method signature="com.vmware.qe.vcloud.tests.server.c2.catalog.CatalogOperations.catalogChangeOwnership()" name="catalogChangeOwnership" class="com.vmware.qe.vcloud.tests.server.c2.catalog.CatalogOperations"/>
        <method signature="com.vmware.qe.vcloud.tests.server.c2.catalog.CatalogOperations.catalogEditProperties()" name="catalogEditProperties" class="com.vmware.qe.vcloud.tests.server.c2.catalog.CatalogOperations"/>
        <method signature="com.vmware.qe.vcloud.tests.server.c2.catalog.CatalogOperations.createSharedPublishedCatalog()" name="createSharedPublishedCatalog" class="com.vmware.qe.vcloud.tests.server.c2.catalog.CatalogOperations"/>
        <method signature="com.vmware.qe.vcloud.tests.server.c2.catalog.CatalogOperations.removeEmptyCatalog()" name="removeEmptyCatalog" class="com.vmware.qe.vcloud.tests.server.c2.catalog.CatalogOperations"/>
        <method signature="com.vmware.qe.vcloud.tests.server.c2.catalog.CatalogPublish.copyMediaFromPublishedCatalog()" name="copyMediaFromPublishedCatalog" class="com.vmware.qe.vcloud.tests.server.c2.catalog.CatalogPublish"/>
        <method signature="com.vmware.qe.vcloud.tests.server.c2.catalog.CatalogPublish.copyTemplateFromPublishedCatalog()" name="copyTemplateFromPublishedCatalog" class="com.vmware.qe.vcloud.tests.server.c2.catalog.CatalogPublish"/>
        <method signature="com.vmware.qe.vcloud.tests.server.c2.fastProvisioning.ConsolidateVmTest.consolidateMyCloudVm()" name="consolidateMyCloudVm" class="com.vmware.qe.vcloud.tests.server.c2.fastProvisioning.ConsolidateVmTest"/>
        <method signature="com.vmware.qe.vcloud.tests.server.c2.fastProvisioning.FastProvisioningForCatalogTest.copyTemplateWithinSameOrgVdcFastProvisioned()" name="copyTemplateWithinSameOrgVdcFastProvisioned" class="com.vmware.qe.vcloud.tests.server.c2.fastProvisioning.FastProvisioningForCatalogTest"/>
        <method signature="com.vmware.qe.vcloud.tests.server.c2.fastProvisioning.FastProvisioningForCatalogTest.verifyUserRequestedStrorageForVapp()" name="verifyUserRequestedStrorageForVapp" class="com.vmware.qe.vcloud.tests.server.c2.fastProvisioning.FastProvisioningForCatalogTest"/>
        <method signature="com.vmware.qe.vcloud.tests.server.c2.fastProvisioning.RelocateVmTest.relocateVappTemplateVm()" name="relocateVappTemplateVm" class="com.vmware.qe.vcloud.tests.server.c2.fastProvisioning.RelocateVmTest"/>
        <method signature="com.vmware.qe.vcloud.tests.server.c2.fastProvisioning.ShadowVmTest.shadowVmCrossVcCopy()" name="shadowVmCrossVcCopy" class="com.vmware.qe.vcloud.tests.server.c2.fastProvisioning.ShadowVmTest"/>
        <method signature="com.vmware.qe.vcloud.tests.server.c2.fastProvisioning.VappFastProvisioningTest.copyVappAcrossOrgVdcsBothFastProvisioned()" name="copyVappAcrossOrgVdcsBothFastProvisioned" class="com.vmware.qe.vcloud.tests.server.c2.fastProvisioning.VappFastProvisioningTest"/>
        <method signature="com.vmware.qe.vcloud.tests.server.c2.fastProvisioning.VappFastProvisioningTest.moveVappAcrossOrgVdcsBothFastProvisioned()" name="moveVappAcrossOrgVdcsBothFastProvisioned" class="com.vmware.qe.vcloud.tests.server.c2.fastProvisioning.VappFastProvisioningTest"/>
        <method signature="com.vmware.qe.vcloud.tests.server.c2.hardware.HardwareV8.upgradeHw7ToHW8inPVDCUploadHw8Template()" name="upgradeHw7ToHW8inPVDCUploadHw8Template" class="com.vmware.qe.vcloud.tests.server.c2.hardware.HardwareV8"/>
        <method signature="com.vmware.qe.vcloud.tests.server.c2.hardware.MaxVMSettings.composeVappHw7VMAndEditSettingsToMax()" name="composeVappHw7VMAndEditSettingsToMax" class="com.vmware.qe.vcloud.tests.server.c2.hardware.MaxVMSettings"/>
        <method signature="com.vmware.qe.vcloud.tests.server.c2.media.ImportMediaTest.importMediaFromReadWriteNFS()" name="importMediaFromReadWriteNFS" class="com.vmware.qe.vcloud.tests.server.c2.media.ImportMediaTest"/>
        <method signature="com.vmware.qe.vcloud.tests.server.c2.media.MediaActionsTests.mediaInsertEjectPowerOnVmTest()" name="mediaInsertEjectPowerOnVmTest" class="com.vmware.qe.vcloud.tests.server.c2.media.MediaActionsTests"/>
        <method signature="com.vmware.qe.vcloud.tests.server.c2.media.MediaDelete.deleteNonBusyMedia(com.vmware.qe.vcloud.server.impl.connection.VcdLogin)" name="deleteNonBusyMedia" class="com.vmware.qe.vcloud.tests.server.c2.media.MediaDelete"/>
        <method signature="com.vmware.qe.vcloud.tests.server.c2.media.MediaUpload.uploadMediaSmallIso()" name="uploadMediaSmallIso" class="com.vmware.qe.vcloud.tests.server.c2.media.MediaUpload"/>
        <method signature="com.vmware.qe.vcloud.tests.server.c2.nameddisk.IndependentDisks.testQueryVMDiskRelation()" name="testQueryVMDiskRelation" class="com.vmware.qe.vcloud.tests.server.c2.nameddisk.IndependentDisks"/>
        <method signature="com.vmware.qe.vcloud.tests.server.c2.snapshot.SnapshotTests.createVAppSnapshotWithDefaults()" name="createVAppSnapshotWithDefaults" class="com.vmware.qe.vcloud.tests.server.c2.snapshot.SnapshotTests"/>
        <method signature="com.vmware.qe.vcloud.tests.server.c2.snapshot.SnapshotTests.removeAllSnapshotsFromVAppWithDefaults()" name="removeAllSnapshotsFromVAppWithDefaults" class="com.vmware.qe.vcloud.tests.server.c2.snapshot.SnapshotTests"/>
        <method signature="com.vmware.qe.vcloud.tests.server.c2.snapshot.SnapshotTests.revertVAppToSnapshotWithDefaults()" name="revertVAppToSnapshotWithDefaults" class="com.vmware.qe.vcloud.tests.server.c2.snapshot.SnapshotTests"/>
        <method signature="com.vmware.qe.vcloud.tests.server.c2.vapplifecycle.AddToCatalog.captureToCatalogWithCustomization()" name="captureToCatalogWithCustomization" class="com.vmware.qe.vcloud.tests.server.c2.vapplifecycle.AddToCatalog"/>
        <method signature="com.vmware.qe.vcloud.tests.server.c2.vapplifecycle.AddVmToVapp.addNewVmToExistingVapp()" name="addNewVmToExistingVapp" class="com.vmware.qe.vcloud.tests.server.c2.vapplifecycle.AddVmToVapp"/>
        <method signature="com.vmware.qe.vcloud.tests.server.c2.vapplifecycle.ComputerNameAndFullName.editVAppProperties()" name="editVAppProperties" class="com.vmware.qe.vcloud.tests.server.c2.vapplifecycle.ComputerNameAndFullName"/>
        <method signature="com.vmware.qe.vcloud.tests.server.c2.vapplifecycle.CreateNewVapp.importVmFromVcAsVapp()" name="importVmFromVcAsVapp" class="com.vmware.qe.vcloud.tests.server.c2.vapplifecycle.CreateNewVapp"/>
        <method signature="com.vmware.qe.vcloud.tests.server.c2.vapplifecycle.VappCopyMove.copyVAppCrossVc()" name="copyVAppCrossVc" class="com.vmware.qe.vcloud.tests.server.c2.vapplifecycle.VappCopyMove"/>
        <method signature="com.vmware.qe.vcloud.tests.server.c2.vapplifecycle.VappCopyMove.copyVappCrossOrgVdcSameVc()" name="copyVappCrossOrgVdcSameVc" class="com.vmware.qe.vcloud.tests.server.c2.vapplifecycle.VappCopyMove"/>
        <method signature="com.vmware.qe.vcloud.tests.server.c2.vapplifecycle.VappDeployTests.captureVappDeployUndeployDelete()" name="captureVappDeployUndeployDelete" class="com.vmware.qe.vcloud.tests.server.c2.vapplifecycle.VappDeployTests"/>
        <method signature="com.vmware.qe.vcloud.tests.server.c2.vapplifecycle.VappDeployTests.oneVmOff()" name="oneVmOff" class="com.vmware.qe.vcloud.tests.server.c2.vapplifecycle.VappDeployTests"/>
        <method signature="com.vmware.qe.vcloud.tests.server.c2.vapplifecycle.VappImportVm.importVmIntoExistingVappCopy()" name="importVmIntoExistingVappCopy" class="com.vmware.qe.vcloud.tests.server.c2.vapplifecycle.VappImportVm"/>
        <method signature="com.vmware.qe.vcloud.tests.server.c2.vapplifecycle.VappVmActionsTests.vAppVmDelete()" name="vAppVmDelete" class="com.vmware.qe.vcloud.tests.server.c2.vapplifecycle.VappVmActionsTests"/>
        <method signature="com.vmware.qe.vcloud.tests.server.c2.vapplifecycle.VappVmActionsTests.vAppVmPowerOffEdit()" name="vAppVmPowerOffEdit" class="com.vmware.qe.vcloud.tests.server.c2.vapplifecycle.VappVmActionsTests"/>
        <method signature="com.vmware.qe.vcloud.tests.server.c2.vapptemplate.VAppTemplateDownload.uploadDownloadDefaultVappTemplate()" name="uploadDownloadDefaultVappTemplate" class="com.vmware.qe.vcloud.tests.server.c2.vapptemplate.VAppTemplateDownload"/>
        <method signature="com.vmware.qe.vcloud.tests.server.c2.vapptemplate.VAppTemplateImport.importCopyVmFromVcenter()" name="importCopyVmFromVcenter" class="com.vmware.qe.vcloud.tests.server.c2.vapptemplate.VAppTemplateImport"/>
        <method signature="com.vmware.qe.vcloud.tests.server.c2.vapptemplate.VAppTemplateImport.importMoveVmFromVcenter()" name="importMoveVmFromVcenter" class="com.vmware.qe.vcloud.tests.server.c2.vapptemplate.VAppTemplateImport"/>
        <method signature="com.vmware.qe.vcloud.tests.server.c2.vapptemplate.VappTemplateActionsTests.vAppTemplateDelete()" name="vAppTemplateDelete" class="com.vmware.qe.vcloud.tests.server.c2.vapptemplate.VappTemplateActionsTests"/>
        <method signature="com.vmware.qe.vcloud.tests.server.c2.vapptemplate.VappTemplateActionsTests.vAppTemplateEditProperties()" name="vAppTemplateEditProperties" class="com.vmware.qe.vcloud.tests.server.c2.vapptemplate.VappTemplateActionsTests"/>
        <method signature="com.vmware.qe.vcloud.tests.server.c2.vapptemplate.VappTemplateCopyMove.copyTemplateCrossOrgVdc()" name="copyTemplateCrossOrgVdc" class="com.vmware.qe.vcloud.tests.server.c2.vapptemplate.VappTemplateCopyMove"/>
        <method signature="com.vmware.qe.vcloud.tests.server.c2.vapptemplate.VappTemplateCopyMove.copyTemplateCrossVc()" name="copyTemplateCrossVc" class="com.vmware.qe.vcloud.tests.server.c2.vapptemplate.VappTemplateCopyMove"/>
        <method signature="com.vmware.qe.vcloud.tests.server.ee.authentication.LdapBasicMatrix.importLdapGroup()" name="importLdapGroup" class="com.vmware.qe.vcloud.tests.server.ee.authentication.LdapBasicMatrix"/>
        <method signature="com.vmware.qe.vcloud.tests.server.ee.authentication.LdapBasicMatrix.importLdapUser()" name="importLdapUser" class="com.vmware.qe.vcloud.tests.server.ee.authentication.LdapBasicMatrix"/>
        <method signature="com.vmware.qe.vcloud.tests.server.ee.authentication.LdapBasicMatrix.loginKnownLdapUser()" name="loginKnownLdapUser" class="com.vmware.qe.vcloud.tests.server.ee.authentication.LdapBasicMatrix"/>
        <method signature="com.vmware.qe.vcloud.tests.server.ee.authentication.OrgLdapUsers.deleteLdapUserLocalTableLoginFailNegative()" name="deleteLdapUserLocalTableLoginFailNegative" class="com.vmware.qe.vcloud.tests.server.ee.authentication.OrgLdapUsers"/>
        <method signature="com.vmware.qe.vcloud.tests.server.ee.authentication.SystemLocalUsers.createSystemUser()" name="createSystemUser" class="com.vmware.qe.vcloud.tests.server.ee.authentication.SystemLocalUsers"/>
        <method signature="com.vmware.qe.vcloud.tests.server.ee.authentication.SystemLocalUsers.disableSysAdminNEGATIVE(java.lang.String, int)" name="disableSysAdminNEGATIVE" class="com.vmware.qe.vcloud.tests.server.ee.authentication.SystemLocalUsers"/>
        <method signature="com.vmware.qe.vcloud.tests.server.ee.authentication.SystemLocalUsers.enableUser()" name="enableUser" class="com.vmware.qe.vcloud.tests.server.ee.authentication.SystemLocalUsers"/>
        <method signature="com.vmware.qe.vcloud.tests.server.ee.settings.OrgLifecycle.OrganizationLifecycle.createOrganization()" name="createOrganization" class="com.vmware.qe.vcloud.tests.server.ee.settings.OrgLifecycle.OrganizationLifecycle"/>
        <method signature="com.vmware.qe.vcloud.tests.server.ee.settings.OrgLifecycle.OrganizationLifecycle.deleteOrganization()" name="deleteOrganization" class="com.vmware.qe.vcloud.tests.server.ee.settings.OrgLifecycle.OrganizationLifecycle"/>
        <method signature="com.vmware.qe.vcloud.tests.server.ee.settings.OrgLifecycle.OrganizationLifecycle.disableOrganization()" name="disableOrganization" class="com.vmware.qe.vcloud.tests.server.ee.settings.OrgLifecycle.OrganizationLifecycle"/>
        <method signature="com.vmware.qe.vcloud.tests.server.ee.settings.OrgLifecycle.OrganizationLifecycle.enableOrganization()" name="enableOrganization" class="com.vmware.qe.vcloud.tests.server.ee.settings.OrgLifecycle.OrganizationLifecycle"/>
        <method signature="com.vmware.qe.vcloud.tests.server.ee.settings.orgadmin.orgpolicy.leases.VAppRuntimeStorageLeases.changeToNewRuntimeLease()" name="changeToNewRuntimeLease" class="com.vmware.qe.vcloud.tests.server.ee.settings.orgadmin.orgpolicy.leases.VAppRuntimeStorageLeases"/>
        <method signature="com.vmware.qe.vcloud.tests.server.ee.settings.orgadmin.orgpolicy.leases.VAppRuntimeStorageLeases.changeToNewStorageLease()" name="changeToNewStorageLease" class="com.vmware.qe.vcloud.tests.server.ee.settings.orgadmin.orgpolicy.leases.VAppRuntimeStorageLeases"/>
        <method signature="com.vmware.qe.vcloud.tests.server.ee.sharing.VAppSharing.orgAdminShareToAll()" name="orgAdminShareToAll" class="com.vmware.qe.vcloud.tests.server.ee.sharing.VAppSharing"/>
        <method signature="com.vmware.qe.vcloud.tests.server.networking.misc.SyslogServers.setSyslogServer(java.lang.String, int, int, java.lang.String)" name="setSyslogServer" class="com.vmware.qe.vcloud.tests.server.networking.misc.SyslogServers"/>
        <method signature="com.vmware.qe.vcloud.tests.server.networking.networkmanagement.organizationscope.VAppCreateWithOrgVdcNet.createVAppDirectConnectionToOrgVdcNet()" name="createVAppDirectConnectionToOrgVdcNet" class="com.vmware.qe.vcloud.tests.server.networking.networkmanagement.organizationscope.VAppCreateWithOrgVdcNet"/>
        <method signature="com.vmware.qe.vcloud.tests.server.networking.networkmanagement.organizationscope.VAppCreateWithOrgVdcNet.createVAppStaticManual()" name="createVAppStaticManual" class="com.vmware.qe.vcloud.tests.server.networking.networkmanagement.organizationscope.VAppCreateWithOrgVdcNet"/>
        <method signature="com.vmware.qe.vcloud.tests.server.networking.networkmanagement.organizationscope.VAppCreateWithOrgVdcNet.createVAppWithVAppNetIsolated()" name="createVAppWithVAppNetIsolated" class="com.vmware.qe.vcloud.tests.server.networking.networkmanagement.organizationscope.VAppCreateWithOrgVdcNet"/>
        <method signature="com.vmware.qe.vcloud.tests.server.networking.networkmanagement.systemscope.edgegateway.DeleteGateway.deleteGatewayNotConnectedToRoutedOrgVDCNetwork()" name="deleteGatewayNotConnectedToRoutedOrgVDCNetwork" class="com.vmware.qe.vcloud.tests.server.networking.networkmanagement.systemscope.edgegateway.DeleteGateway"/>
        <method signature="com.vmware.qe.vcloud.tests.server.networking.networkmanagement.systemscope.externalnetworks.CreateUpdateDeleteExternalNetwork.deleteExtNetNotInUseAndRecreateExtNet()" name="deleteExtNetNotInUseAndRecreateExtNet" class="com.vmware.qe.vcloud.tests.server.networking.networkmanagement.systemscope.externalnetworks.CreateUpdateDeleteExternalNetwork"/>
        <method signature="com.vmware.qe.vcloud.tests.server.networking.networkmanagement.systemscope.networkpools.VMwareNetworkPoolCreateDelete.createNetPoolUsingNewDvPg()" name="createNetPoolUsingNewDvPg" class="com.vmware.qe.vcloud.tests.server.networking.networkmanagement.systemscope.networkpools.VMwareNetworkPoolCreateDelete"/>
        <method signature="com.vmware.qe.vcloud.tests.server.networking.networkmanagement.systemscope.networkpools.VMwareNetworkPoolCreateDelete.createNetworkPoolIsolationBackedWithVLAN()" name="createNetworkPoolIsolationBackedWithVLAN" class="com.vmware.qe.vcloud.tests.server.networking.networkmanagement.systemscope.networkpools.VMwareNetworkPoolCreateDelete"/>
        <method signature="com.vmware.qe.vcloud.tests.server.networking.networkmanagement.systemscope.networkpools.VMwareNetworkPoolCreateDelete.deleteNetworkPoolIsolationBackedNotInUse()" name="deleteNetworkPoolIsolationBackedNotInUse" class="com.vmware.qe.vcloud.tests.server.networking.networkmanagement.systemscope.networkpools.VMwareNetworkPoolCreateDelete"/>
        <method signature="com.vmware.qe.vcloud.tests.server.networking.networkmanagement.systemscope.networkpools.VMwareNetworkPoolModify.modifyIsolationBackedNetworkPoolIsolatedNetworks()" name="modifyIsolationBackedNetworkPoolIsolatedNetworks" class="com.vmware.qe.vcloud.tests.server.networking.networkmanagement.systemscope.networkpools.VMwareNetworkPoolModify"/>
        <method signature="com.vmware.qe.vcloud.tests.server.networking.networkmanagement.systemscope.networkpools.VMwarePortgroupBackedNetworkPoolModify.modifyRegPortgroupBackedNetworkPoolAddPortgroup()" name="modifyRegPortgroupBackedNetworkPoolAddPortgroup" class="com.vmware.qe.vcloud.tests.server.networking.networkmanagement.systemscope.networkpools.VMwarePortgroupBackedNetworkPoolModify"/>
        <method signature="com.vmware.qe.vcloud.tests.server.networking.networkmanagement.systemscope.orgvdcnets.DeleteOrgVDCNets.deleteDirectOrgVdcNetNotInUse()" name="deleteDirectOrgVdcNetNotInUse" class="com.vmware.qe.vcloud.tests.server.networking.networkmanagement.systemscope.orgvdcnets.DeleteOrgVDCNets"/>
        <method signature="com.vmware.qe.vcloud.tests.server.networking.networkmanagement.systemscope.orgvdcnets.DeleteOrgVDCNets.deleteInternalOrgVdcNetNotInUse()" name="deleteInternalOrgVdcNetNotInUse" class="com.vmware.qe.vcloud.tests.server.networking.networkmanagement.systemscope.orgvdcnets.DeleteOrgVDCNets"/>
        <method signature="com.vmware.qe.vcloud.tests.server.networking.networkmanagement.systemscope.orgvdcnets.DeleteOrgVDCNets.deleteRoutedOrgVdcNetNotInUse()" name="deleteRoutedOrgVdcNetNotInUse" class="com.vmware.qe.vcloud.tests.server.networking.networkmanagement.systemscope.orgvdcnets.DeleteOrgVDCNets"/>
        <method signature="com.vmware.qe.vcloud.tests.server.networking.vxlan.pvdc.CreateDeletePVDC.deletePVDCNotInUse()" name="deletePVDCNotInUse" class="com.vmware.qe.vcloud.tests.server.networking.vxlan.pvdc.CreateDeletePVDC"/>
        <method signature="com.vmware.qe.vcloud.tests.server.rm.orgvdc.OrgVdcAllocationPool.createAllocationPoolvDCAndPowerOnVappBasicGuarantee()" name="createAllocationPoolvDCAndPowerOnVappBasicGuarantee" class="com.vmware.qe.vcloud.tests.server.rm.orgvdc.OrgVdcAllocationPool"/>
        <method signature="com.vmware.qe.vcloud.tests.server.rm.orgvdc.OrgVdcPayGo.createBasicPayGovDCandPowerOnVapp()" name="createBasicPayGovDCandPowerOnVapp" class="com.vmware.qe.vcloud.tests.server.rm.orgvdc.OrgVdcPayGo"/>
        <method signature="com.vmware.qe.vcloud.tests.server.rm.orgvdc.OrgVdcReservationPool.createReservationPoolvDCandPoweronVappTest1()" name="createReservationPoolvDCandPoweronVappTest1" class="com.vmware.qe.vcloud.tests.server.rm.orgvdc.OrgVdcReservationPool"/>
        <method signature="com.vmware.qe.vcloud.tests.server.rm.orgvdc.OrgvDCCommon.changeAllocationPoolOrgVDCResourceSettings()" name="changeAllocationPoolOrgVDCResourceSettings" class="com.vmware.qe.vcloud.tests.server.rm.orgvdc.OrgvDCCommon"/>
        <method signature="com.vmware.qe.vcloud.tests.server.rm.orgvdc.OrgvDCCommon.changePayGoOrgVDCResourceSettings()" name="changePayGoOrgVDCResourceSettings" class="com.vmware.qe.vcloud.tests.server.rm.orgvdc.OrgvDCCommon"/>
        <method signature="com.vmware.qe.vcloud.tests.server.rm.orgvdc.OrgvDCCommon.changeReservationPoolOrgVDCResourceSettings()" name="changeReservationPoolOrgVDCResourceSettings" class="com.vmware.qe.vcloud.tests.server.rm.orgvdc.OrgvDCCommon"/>
        <method signature="com.vmware.qe.vcloud.tests.server.rm.orgvdc.OrgvDCCommon.deleteEmptyOrgvDC()" name="deleteEmptyOrgvDC" class="com.vmware.qe.vcloud.tests.server.rm.orgvdc.OrgvDCCommon"/>
        <method signature="com.vmware.qe.vcloud.tests.server.rm.orgvdc.OrgvDCCommon.disableEnableOrgVdc()" name="disableEnableOrgVdc" class="com.vmware.qe.vcloud.tests.server.rm.orgvdc.OrgvDCCommon"/>
        <method signature="com.vmware.qe.vcloud.tests.server.rm.pvdc.PvDCCreationEdit.createPvDC()" name="createPvDC" class="com.vmware.qe.vcloud.tests.server.rm.pvdc.PvDCCreationEdit"/>
        <method signature="com.vmware.qe.vcloud.tests.server.rm.pvdc.PvDCCreationEdit.deleteEmptyPvDC()" name="deleteEmptyPvDC" class="com.vmware.qe.vcloud.tests.server.rm.pvdc.PvDCCreationEdit"/>
        <method signature="com.vmware.qe.vcloud.tests.server.rm.pvdc.PvDCCreationEdit.disablePvDC()" name="disablePvDC" class="com.vmware.qe.vcloud.tests.server.rm.pvdc.PvDCCreationEdit"/>
        <method signature="com.vmware.qe.vcloud.tests.server.rm.pvdc.PvDCCreationEdit.enablePvDC()" name="enablePvDC" class="com.vmware.qe.vcloud.tests.server.rm.pvdc.PvDCCreationEdit"/>
      </group>
      <group name="P1">
        <method signature="com.vmware.qe.vcloud.tests.server.c2.catalog.CatalogOperations.catalogChangeOwnership()" name="catalogChangeOwnership" class="com.vmware.qe.vcloud.tests.server.c2.catalog.CatalogOperations"/>
        <method signature="com.vmware.qe.vcloud.tests.server.c2.catalog.CatalogOperations.catalogEditProperties()" name="catalogEditProperties" class="com.vmware.qe.vcloud.tests.server.c2.catalog.CatalogOperations"/>
        <method signature="com.vmware.qe.vcloud.tests.server.c2.catalog.CatalogOperations.removeEmptyCatalog()" name="removeEmptyCatalog" class="com.vmware.qe.vcloud.tests.server.c2.catalog.CatalogOperations"/>
        <method signature="com.vmware.qe.vcloud.tests.server.c2.hardware.MaxVMSettings.composeVappHw7VMAndEditSettingsToMax()" name="composeVappHw7VMAndEditSettingsToMax" class="com.vmware.qe.vcloud.tests.server.c2.hardware.MaxVMSettings"/>
        <method signature="com.vmware.qe.vcloud.tests.server.c2.media.MediaDelete.deleteNonBusyMedia(com.vmware.qe.vcloud.server.impl.connection.VcdLogin)" name="deleteNonBusyMedia" class="com.vmware.qe.vcloud.tests.server.c2.media.MediaDelete"/>
        <method signature="com.vmware.qe.vcloud.tests.server.c2.vapplifecycle.ComputerNameAndFullName.editVAppProperties()" name="editVAppProperties" class="com.vmware.qe.vcloud.tests.server.c2.vapplifecycle.ComputerNameAndFullName"/>
        <method signature="com.vmware.qe.vcloud.tests.server.ee.authentication.OrgLdapUsers.deleteLdapUserLocalTableLoginFailNegative()" name="deleteLdapUserLocalTableLoginFailNegative" class="com.vmware.qe.vcloud.tests.server.ee.authentication.OrgLdapUsers"/>
        <method signature="com.vmware.qe.vcloud.tests.server.ee.settings.OrgLifecycle.OrganizationLifecycle.deleteOrganization()" name="deleteOrganization" class="com.vmware.qe.vcloud.tests.server.ee.settings.OrgLifecycle.OrganizationLifecycle"/>
        <method signature="com.vmware.qe.vcloud.tests.server.ee.settings.OrgLifecycle.OrganizationLifecycle.disableOrganization()" name="disableOrganization" class="com.vmware.qe.vcloud.tests.server.ee.settings.OrgLifecycle.OrganizationLifecycle"/>
        <method signature="com.vmware.qe.vcloud.tests.server.ee.settings.OrgLifecycle.OrganizationLifecycle.enableOrganization()" name="enableOrganization" class="com.vmware.qe.vcloud.tests.server.ee.settings.OrgLifecycle.OrganizationLifecycle"/>
        <method signature="com.vmware.qe.vcloud.tests.server.ee.settings.orgadmin.orgpolicy.leases.VAppRuntimeStorageLeases.changeToNewRuntimeLease()" name="changeToNewRuntimeLease" class="com.vmware.qe.vcloud.tests.server.ee.settings.orgadmin.orgpolicy.leases.VAppRuntimeStorageLeases"/>
        <method signature="com.vmware.qe.vcloud.tests.server.ee.settings.orgadmin.orgpolicy.leases.VAppRuntimeStorageLeases.changeToNewStorageLease()" name="changeToNewStorageLease" class="com.vmware.qe.vcloud.tests.server.ee.settings.orgadmin.orgpolicy.leases.VAppRuntimeStorageLeases"/>
        <method signature="com.vmware.qe.vcloud.tests.server.networking.misc.SyslogServers.setSyslogServer(java.lang.String, int, int, java.lang.String)" name="setSyslogServer" class="com.vmware.qe.vcloud.tests.server.networking.misc.SyslogServers"/>
        <method signature="com.vmware.qe.vcloud.tests.server.networking.networkmanagement.systemscope.networkpools.VMwareNetworkPoolCreateDelete.createNetPoolUsingNewDvPg()" name="createNetPoolUsingNewDvPg" class="com.vmware.qe.vcloud.tests.server.networking.networkmanagement.systemscope.networkpools.VMwareNetworkPoolCreateDelete"/>
        <method signature="com.vmware.qe.vcloud.tests.server.networking.networkmanagement.systemscope.networkpools.VMwareNetworkPoolCreateDelete.deleteNetworkPoolIsolationBackedNotInUse()" name="deleteNetworkPoolIsolationBackedNotInUse" class="com.vmware.qe.vcloud.tests.server.networking.networkmanagement.systemscope.networkpools.VMwareNetworkPoolCreateDelete"/>
        <method signature="com.vmware.qe.vcloud.tests.server.networking.networkmanagement.systemscope.networkpools.VMwareNetworkPoolModify.modifyIsolationBackedNetworkPoolIsolatedNetworks()" name="modifyIsolationBackedNetworkPoolIsolatedNetworks" class="com.vmware.qe.vcloud.tests.server.networking.networkmanagement.systemscope.networkpools.VMwareNetworkPoolModify"/>
        <method signature="com.vmware.qe.vcloud.tests.server.networking.networkmanagement.systemscope.networkpools.VMwarePortgroupBackedNetworkPoolModify.modifyRegPortgroupBackedNetworkPoolAddPortgroup()" name="modifyRegPortgroupBackedNetworkPoolAddPortgroup" class="com.vmware.qe.vcloud.tests.server.networking.networkmanagement.systemscope.networkpools.VMwarePortgroupBackedNetworkPoolModify"/>
        <method signature="com.vmware.qe.vcloud.tests.server.networking.networkmanagement.systemscope.orgvdcnets.DeleteOrgVDCNets.deleteDirectOrgVdcNetNotInUse()" name="deleteDirectOrgVdcNetNotInUse" class="com.vmware.qe.vcloud.tests.server.networking.networkmanagement.systemscope.orgvdcnets.DeleteOrgVDCNets"/>
        <method signature="com.vmware.qe.vcloud.tests.server.networking.networkmanagement.systemscope.orgvdcnets.DeleteOrgVDCNets.deleteInternalOrgVdcNetNotInUse()" name="deleteInternalOrgVdcNetNotInUse" class="com.vmware.qe.vcloud.tests.server.networking.networkmanagement.systemscope.orgvdcnets.DeleteOrgVDCNets"/>
        <method signature="com.vmware.qe.vcloud.tests.server.networking.networkmanagement.systemscope.orgvdcnets.DeleteOrgVDCNets.deleteRoutedOrgVdcNetNotInUse()" name="deleteRoutedOrgVdcNetNotInUse" class="com.vmware.qe.vcloud.tests.server.networking.networkmanagement.systemscope.orgvdcnets.DeleteOrgVDCNets"/>
        <method signature="com.vmware.qe.vcloud.tests.server.rm.orgvdc.OrgvDCCommon.changeAllocationPoolOrgVDCResourceSettings()" name="changeAllocationPoolOrgVDCResourceSettings" class="com.vmware.qe.vcloud.tests.server.rm.orgvdc.OrgvDCCommon"/>
        <method signature="com.vmware.qe.vcloud.tests.server.rm.orgvdc.OrgvDCCommon.changePayGoOrgVDCResourceSettings()" name="changePayGoOrgVDCResourceSettings" class="com.vmware.qe.vcloud.tests.server.rm.orgvdc.OrgvDCCommon"/>
        <method signature="com.vmware.qe.vcloud.tests.server.rm.orgvdc.OrgvDCCommon.changeReservationPoolOrgVDCResourceSettings()" name="changeReservationPoolOrgVDCResourceSettings" class="com.vmware.qe.vcloud.tests.server.rm.orgvdc.OrgvDCCommon"/>
        <method signature="com.vmware.qe.vcloud.tests.server.rm.orgvdc.OrgvDCCommon.disableEnableOrgVdc()" name="disableEnableOrgVdc" class="com.vmware.qe.vcloud.tests.server.rm.orgvdc.OrgvDCCommon"/>
      </group>
      <group name="P0">
        <method signature="com.vmware.qe.vcloud.tests.server.c2.catalog.CatalogOperations.createSharedPublishedCatalog()" name="createSharedPublishedCatalog" class="com.vmware.qe.vcloud.tests.server.c2.catalog.CatalogOperations"/>
        <method signature="com.vmware.qe.vcloud.tests.server.c2.catalog.CatalogPublish.copyMediaFromPublishedCatalog()" name="copyMediaFromPublishedCatalog" class="com.vmware.qe.vcloud.tests.server.c2.catalog.CatalogPublish"/>
        <method signature="com.vmware.qe.vcloud.tests.server.c2.catalog.CatalogPublish.copyTemplateFromPublishedCatalog()" name="copyTemplateFromPublishedCatalog" class="com.vmware.qe.vcloud.tests.server.c2.catalog.CatalogPublish"/>
        <method signature="com.vmware.qe.vcloud.tests.server.c2.fastProvisioning.ConsolidateVmTest.consolidateMyCloudVm()" name="consolidateMyCloudVm" class="com.vmware.qe.vcloud.tests.server.c2.fastProvisioning.ConsolidateVmTest"/>
        <method signature="com.vmware.qe.vcloud.tests.server.c2.fastProvisioning.FastProvisioningForCatalogTest.copyTemplateWithinSameOrgVdcFastProvisioned()" name="copyTemplateWithinSameOrgVdcFastProvisioned" class="com.vmware.qe.vcloud.tests.server.c2.fastProvisioning.FastProvisioningForCatalogTest"/>
        <method signature="com.vmware.qe.vcloud.tests.server.c2.fastProvisioning.FastProvisioningForCatalogTest.verifyUserRequestedStrorageForVapp()" name="verifyUserRequestedStrorageForVapp" class="com.vmware.qe.vcloud.tests.server.c2.fastProvisioning.FastProvisioningForCatalogTest"/>
        <method signature="com.vmware.qe.vcloud.tests.server.c2.fastProvisioning.RelocateVmTest.relocateVappTemplateVm()" name="relocateVappTemplateVm" class="com.vmware.qe.vcloud.tests.server.c2.fastProvisioning.RelocateVmTest"/>
        <method signature="com.vmware.qe.vcloud.tests.server.c2.fastProvisioning.ShadowVmTest.shadowVmCrossVcCopy()" name="shadowVmCrossVcCopy" class="com.vmware.qe.vcloud.tests.server.c2.fastProvisioning.ShadowVmTest"/>
        <method signature="com.vmware.qe.vcloud.tests.server.c2.fastProvisioning.VappFastProvisioningTest.copyVappAcrossOrgVdcsBothFastProvisioned()" name="copyVappAcrossOrgVdcsBothFastProvisioned" class="com.vmware.qe.vcloud.tests.server.c2.fastProvisioning.VappFastProvisioningTest"/>
        <method signature="com.vmware.qe.vcloud.tests.server.c2.fastProvisioning.VappFastProvisioningTest.moveVappAcrossOrgVdcsBothFastProvisioned()" name="moveVappAcrossOrgVdcsBothFastProvisioned" class="com.vmware.qe.vcloud.tests.server.c2.fastProvisioning.VappFastProvisioningTest"/>
        <method signature="com.vmware.qe.vcloud.tests.server.c2.hardware.HardwareV8.upgradeHw7ToHW8inPVDCUploadHw8Template()" name="upgradeHw7ToHW8inPVDCUploadHw8Template" class="com.vmware.qe.vcloud.tests.server.c2.hardware.HardwareV8"/>
        <method signature="com.vmware.qe.vcloud.tests.server.c2.media.ImportMediaTest.importMediaFromReadWriteNFS()" name="importMediaFromReadWriteNFS" class="com.vmware.qe.vcloud.tests.server.c2.media.ImportMediaTest"/>
        <method signature="com.vmware.qe.vcloud.tests.server.c2.media.MediaActionsTests.mediaInsertEjectPowerOnVmTest()" name="mediaInsertEjectPowerOnVmTest" class="com.vmware.qe.vcloud.tests.server.c2.media.MediaActionsTests"/>
        <method signature="com.vmware.qe.vcloud.tests.server.c2.media.MediaUpload.uploadMediaSmallIso()" name="uploadMediaSmallIso" class="com.vmware.qe.vcloud.tests.server.c2.media.MediaUpload"/>
        <method signature="com.vmware.qe.vcloud.tests.server.c2.nameddisk.IndependentDisks.testQueryVMDiskRelation()" name="testQueryVMDiskRelation" class="com.vmware.qe.vcloud.tests.server.c2.nameddisk.IndependentDisks"/>
        <method signature="com.vmware.qe.vcloud.tests.server.c2.snapshot.SnapshotTests.createVAppSnapshotWithDefaults()" name="createVAppSnapshotWithDefaults" class="com.vmware.qe.vcloud.tests.server.c2.snapshot.SnapshotTests"/>
        <method signature="com.vmware.qe.vcloud.tests.server.c2.snapshot.SnapshotTests.removeAllSnapshotsFromVAppWithDefaults()" name="removeAllSnapshotsFromVAppWithDefaults" class="com.vmware.qe.vcloud.tests.server.c2.snapshot.SnapshotTests"/>
        <method signature="com.vmware.qe.vcloud.tests.server.c2.snapshot.SnapshotTests.revertVAppToSnapshotWithDefaults()" name="revertVAppToSnapshotWithDefaults" class="com.vmware.qe.vcloud.tests.server.c2.snapshot.SnapshotTests"/>
        <method signature="com.vmware.qe.vcloud.tests.server.c2.vapplifecycle.AddToCatalog.captureToCatalogWithCustomization()" name="captureToCatalogWithCustomization" class="com.vmware.qe.vcloud.tests.server.c2.vapplifecycle.AddToCatalog"/>
        <method signature="com.vmware.qe.vcloud.tests.server.c2.vapplifecycle.AddVmToVapp.addNewVmToExistingVapp()" name="addNewVmToExistingVapp" class="com.vmware.qe.vcloud.tests.server.c2.vapplifecycle.AddVmToVapp"/>
        <method signature="com.vmware.qe.vcloud.tests.server.c2.vapplifecycle.CreateNewVapp.importVmFromVcAsVapp()" name="importVmFromVcAsVapp" class="com.vmware.qe.vcloud.tests.server.c2.vapplifecycle.CreateNewVapp"/>
        <method signature="com.vmware.qe.vcloud.tests.server.c2.vapplifecycle.VappCopyMove.copyVAppCrossVc()" name="copyVAppCrossVc" class="com.vmware.qe.vcloud.tests.server.c2.vapplifecycle.VappCopyMove"/>
        <method signature="com.vmware.qe.vcloud.tests.server.c2.vapplifecycle.VappCopyMove.copyVappCrossOrgVdcSameVc()" name="copyVappCrossOrgVdcSameVc" class="com.vmware.qe.vcloud.tests.server.c2.vapplifecycle.VappCopyMove"/>
        <method signature="com.vmware.qe.vcloud.tests.server.c2.vapplifecycle.VappDeployTests.captureVappDeployUndeployDelete()" name="captureVappDeployUndeployDelete" class="com.vmware.qe.vcloud.tests.server.c2.vapplifecycle.VappDeployTests"/>
        <method signature="com.vmware.qe.vcloud.tests.server.c2.vapplifecycle.VappDeployTests.oneVmOff()" name="oneVmOff" class="com.vmware.qe.vcloud.tests.server.c2.vapplifecycle.VappDeployTests"/>
        <method signature="com.vmware.qe.vcloud.tests.server.c2.vapplifecycle.VappImportVm.importVmIntoExistingVappCopy()" name="importVmIntoExistingVappCopy" class="com.vmware.qe.vcloud.tests.server.c2.vapplifecycle.VappImportVm"/>
        <method signature="com.vmware.qe.vcloud.tests.server.c2.vapplifecycle.VappVmActionsTests.vAppVmDelete()" name="vAppVmDelete" class="com.vmware.qe.vcloud.tests.server.c2.vapplifecycle.VappVmActionsTests"/>
        <method signature="com.vmware.qe.vcloud.tests.server.c2.vapplifecycle.VappVmActionsTests.vAppVmPowerOffEdit()" name="vAppVmPowerOffEdit" class="com.vmware.qe.vcloud.tests.server.c2.vapplifecycle.VappVmActionsTests"/>
        <method signature="com.vmware.qe.vcloud.tests.server.c2.vapptemplate.VAppTemplateDownload.uploadDownloadDefaultVappTemplate()" name="uploadDownloadDefaultVappTemplate" class="com.vmware.qe.vcloud.tests.server.c2.vapptemplate.VAppTemplateDownload"/>
        <method signature="com.vmware.qe.vcloud.tests.server.c2.vapptemplate.VAppTemplateImport.importCopyVmFromVcenter()" name="importCopyVmFromVcenter" class="com.vmware.qe.vcloud.tests.server.c2.vapptemplate.VAppTemplateImport"/>
        <method signature="com.vmware.qe.vcloud.tests.server.c2.vapptemplate.VAppTemplateImport.importMoveVmFromVcenter()" name="importMoveVmFromVcenter" class="com.vmware.qe.vcloud.tests.server.c2.vapptemplate.VAppTemplateImport"/>
        <method signature="com.vmware.qe.vcloud.tests.server.c2.vapptemplate.VappTemplateActionsTests.vAppTemplateDelete()" name="vAppTemplateDelete" class="com.vmware.qe.vcloud.tests.server.c2.vapptemplate.VappTemplateActionsTests"/>
        <method signature="com.vmware.qe.vcloud.tests.server.c2.vapptemplate.VappTemplateActionsTests.vAppTemplateEditProperties()" name="vAppTemplateEditProperties" class="com.vmware.qe.vcloud.tests.server.c2.vapptemplate.VappTemplateActionsTests"/>
        <method signature="com.vmware.qe.vcloud.tests.server.c2.vapptemplate.VappTemplateCopyMove.copyTemplateCrossOrgVdc()" name="copyTemplateCrossOrgVdc" class="com.vmware.qe.vcloud.tests.server.c2.vapptemplate.VappTemplateCopyMove"/>
        <method signature="com.vmware.qe.vcloud.tests.server.c2.vapptemplate.VappTemplateCopyMove.copyTemplateCrossVc()" name="copyTemplateCrossVc" class="com.vmware.qe.vcloud.tests.server.c2.vapptemplate.VappTemplateCopyMove"/>
        <method signature="com.vmware.qe.vcloud.tests.server.ee.authentication.LdapBasicMatrix.importLdapGroup()" name="importLdapGroup" class="com.vmware.qe.vcloud.tests.server.ee.authentication.LdapBasicMatrix"/>
        <method signature="com.vmware.qe.vcloud.tests.server.ee.authentication.LdapBasicMatrix.importLdapUser()" name="importLdapUser" class="com.vmware.qe.vcloud.tests.server.ee.authentication.LdapBasicMatrix"/>
        <method signature="com.vmware.qe.vcloud.tests.server.ee.authentication.LdapBasicMatrix.loginKnownLdapUser()" name="loginKnownLdapUser" class="com.vmware.qe.vcloud.tests.server.ee.authentication.LdapBasicMatrix"/>
        <method signature="com.vmware.qe.vcloud.tests.server.ee.authentication.SystemLocalUsers.createSystemUser()" name="createSystemUser" class="com.vmware.qe.vcloud.tests.server.ee.authentication.SystemLocalUsers"/>
        <method signature="com.vmware.qe.vcloud.tests.server.ee.authentication.SystemLocalUsers.disableSysAdminNEGATIVE(java.lang.String, int)" name="disableSysAdminNEGATIVE" class="com.vmware.qe.vcloud.tests.server.ee.authentication.SystemLocalUsers"/>
        <method signature="com.vmware.qe.vcloud.tests.server.ee.authentication.SystemLocalUsers.enableUser()" name="enableUser" class="com.vmware.qe.vcloud.tests.server.ee.authentication.SystemLocalUsers"/>
        <method signature="com.vmware.qe.vcloud.tests.server.ee.settings.OrgLifecycle.OrganizationLifecycle.createOrganization()" name="createOrganization" class="com.vmware.qe.vcloud.tests.server.ee.settings.OrgLifecycle.OrganizationLifecycle"/>
        <method signature="com.vmware.qe.vcloud.tests.server.ee.sharing.VAppSharing.orgAdminShareToAll()" name="orgAdminShareToAll" class="com.vmware.qe.vcloud.tests.server.ee.sharing.VAppSharing"/>
        <method signature="com.vmware.qe.vcloud.tests.server.networking.networkmanagement.organizationscope.VAppCreateWithOrgVdcNet.createVAppDirectConnectionToOrgVdcNet()" name="createVAppDirectConnectionToOrgVdcNet" class="com.vmware.qe.vcloud.tests.server.networking.networkmanagement.organizationscope.VAppCreateWithOrgVdcNet"/>
        <method signature="com.vmware.qe.vcloud.tests.server.networking.networkmanagement.organizationscope.VAppCreateWithOrgVdcNet.createVAppStaticManual()" name="createVAppStaticManual" class="com.vmware.qe.vcloud.tests.server.networking.networkmanagement.organizationscope.VAppCreateWithOrgVdcNet"/>
        <method signature="com.vmware.qe.vcloud.tests.server.networking.networkmanagement.organizationscope.VAppCreateWithOrgVdcNet.createVAppWithVAppNetIsolated()" name="createVAppWithVAppNetIsolated" class="com.vmware.qe.vcloud.tests.server.networking.networkmanagement.organizationscope.VAppCreateWithOrgVdcNet"/>
        <method signature="com.vmware.qe.vcloud.tests.server.networking.networkmanagement.systemscope.edgegateway.DeleteGateway.deleteGatewayNotConnectedToRoutedOrgVDCNetwork()" name="deleteGatewayNotConnectedToRoutedOrgVDCNetwork" class="com.vmware.qe.vcloud.tests.server.networking.networkmanagement.systemscope.edgegateway.DeleteGateway"/>
        <method signature="com.vmware.qe.vcloud.tests.server.networking.networkmanagement.systemscope.externalnetworks.CreateUpdateDeleteExternalNetwork.deleteExtNetNotInUseAndRecreateExtNet()" name="deleteExtNetNotInUseAndRecreateExtNet" class="com.vmware.qe.vcloud.tests.server.networking.networkmanagement.systemscope.externalnetworks.CreateUpdateDeleteExternalNetwork"/>
        <method signature="com.vmware.qe.vcloud.tests.server.networking.networkmanagement.systemscope.networkpools.VMwareNetworkPoolCreateDelete.createNetworkPoolIsolationBackedWithVLAN()" name="createNetworkPoolIsolationBackedWithVLAN" class="com.vmware.qe.vcloud.tests.server.networking.networkmanagement.systemscope.networkpools.VMwareNetworkPoolCreateDelete"/>
        <method signature="com.vmware.qe.vcloud.tests.server.networking.vxlan.pvdc.CreateDeletePVDC.deletePVDCNotInUse()" name="deletePVDCNotInUse" class="com.vmware.qe.vcloud.tests.server.networking.vxlan.pvdc.CreateDeletePVDC"/>
        <method signature="com.vmware.qe.vcloud.tests.server.rm.orgvdc.OrgVdcAllocationPool.createAllocationPoolvDCAndPowerOnVappBasicGuarantee()" name="createAllocationPoolvDCAndPowerOnVappBasicGuarantee" class="com.vmware.qe.vcloud.tests.server.rm.orgvdc.OrgVdcAllocationPool"/>
        <method signature="com.vmware.qe.vcloud.tests.server.rm.orgvdc.OrgVdcPayGo.createBasicPayGovDCandPowerOnVapp()" name="createBasicPayGovDCandPowerOnVapp" class="com.vmware.qe.vcloud.tests.server.rm.orgvdc.OrgVdcPayGo"/>
        <method signature="com.vmware.qe.vcloud.tests.server.rm.orgvdc.OrgVdcReservationPool.createReservationPoolvDCandPoweronVappTest1()" name="createReservationPoolvDCandPoweronVappTest1" class="com.vmware.qe.vcloud.tests.server.rm.orgvdc.OrgVdcReservationPool"/>
        <method signature="com.vmware.qe.vcloud.tests.server.rm.orgvdc.OrgvDCCommon.deleteEmptyOrgvDC()" name="deleteEmptyOrgvDC" class="com.vmware.qe.vcloud.tests.server.rm.orgvdc.OrgvDCCommon"/>
        <method signature="com.vmware.qe.vcloud.tests.server.rm.pvdc.PvDCCreationEdit.createPvDC()" name="createPvDC" class="com.vmware.qe.vcloud.tests.server.rm.pvdc.PvDCCreationEdit"/>
        <method signature="com.vmware.qe.vcloud.tests.server.rm.pvdc.PvDCCreationEdit.deleteEmptyPvDC()" name="deleteEmptyPvDC" class="com.vmware.qe.vcloud.tests.server.rm.pvdc.PvDCCreationEdit"/>
        <method signature="com.vmware.qe.vcloud.tests.server.rm.pvdc.PvDCCreationEdit.disablePvDC()" name="disablePvDC" class="com.vmware.qe.vcloud.tests.server.rm.pvdc.PvDCCreationEdit"/>
        <method signature="com.vmware.qe.vcloud.tests.server.rm.pvdc.PvDCCreationEdit.enablePvDC()" name="enablePvDC" class="com.vmware.qe.vcloud.tests.server.rm.pvdc.PvDCCreationEdit"/>
      </group>
      <group name="T2">
        <method signature="com.vmware.qe.vcloud.tests.server.networking.networkmanagement.organizationscope.VAppCreateWithOrgVdcNet.createVAppDirectConnectionToOrgVdcNet()" name="createVAppDirectConnectionToOrgVdcNet" class="com.vmware.qe.vcloud.tests.server.networking.networkmanagement.organizationscope.VAppCreateWithOrgVdcNet"/>
        <method signature="com.vmware.qe.vcloud.tests.server.networking.networkmanagement.organizationscope.VAppCreateWithOrgVdcNet.createVAppStaticManual()" name="createVAppStaticManual" class="com.vmware.qe.vcloud.tests.server.networking.networkmanagement.organizationscope.VAppCreateWithOrgVdcNet"/>
        <method signature="com.vmware.qe.vcloud.tests.server.networking.networkmanagement.systemscope.edgegateway.DeleteGateway.deleteGatewayNotConnectedToRoutedOrgVDCNetwork()" name="deleteGatewayNotConnectedToRoutedOrgVDCNetwork" class="com.vmware.qe.vcloud.tests.server.networking.networkmanagement.systemscope.edgegateway.DeleteGateway"/>
        <method signature="com.vmware.qe.vcloud.tests.server.networking.networkmanagement.systemscope.orgvdcnets.DeleteOrgVDCNets.deleteDirectOrgVdcNetNotInUse()" name="deleteDirectOrgVdcNetNotInUse" class="com.vmware.qe.vcloud.tests.server.networking.networkmanagement.systemscope.orgvdcnets.DeleteOrgVDCNets"/>
        <method signature="com.vmware.qe.vcloud.tests.server.networking.networkmanagement.systemscope.orgvdcnets.DeleteOrgVDCNets.deleteInternalOrgVdcNetNotInUse()" name="deleteInternalOrgVdcNetNotInUse" class="com.vmware.qe.vcloud.tests.server.networking.networkmanagement.systemscope.orgvdcnets.DeleteOrgVDCNets"/>
        <method signature="com.vmware.qe.vcloud.tests.server.networking.networkmanagement.systemscope.orgvdcnets.DeleteOrgVDCNets.deleteRoutedOrgVdcNetNotInUse()" name="deleteRoutedOrgVdcNetNotInUse" class="com.vmware.qe.vcloud.tests.server.networking.networkmanagement.systemscope.orgvdcnets.DeleteOrgVDCNets"/>
        <method signature="com.vmware.qe.vcloud.tests.server.networking.vxlan.pvdc.CreateDeletePVDC.deletePVDCNotInUse()" name="deletePVDCNotInUse" class="com.vmware.qe.vcloud.tests.server.networking.vxlan.pvdc.CreateDeletePVDC"/>
      </group>
    </groups>
    <test name="MAT-Functional">
      <class name="com.vmware.qe.vcloud.tests.server.c2.vapplifecycle.ComputerNameAndFullName">
        <test-method status="PASS" signature="editVAppProperties()" name="editVAppProperties" duration-ms="115387" started-at="2012-09-11T07:55:33Z" description="Modify Vapp properties: name and description" finished-at="2012-09-11T07:57:28Z">
        </test-method>
        <test-method status="PASS" signature="accessTestBaseBeforeClass()" name="accessTestBaseBeforeClass" is-config="true" duration-ms="2085" started-at="2012-09-11T07:54:54Z" finished-at="2012-09-11T07:54:56Z">
        </test-method>
        <test-method status="PASS" signature="accessTestBaseAfterMethod()" name="accessTestBaseAfterMethod" is-config="true" duration-ms="6762" started-at="2012-09-11T07:57:28Z" finished-at="2012-09-11T07:57:35Z">
        </test-method>
        <test-method status="PASS" signature="beforeClass()" name="beforeClass" is-config="true" duration-ms="37359" started-at="2012-09-11T07:54:56Z" finished-at="2012-09-11T07:55:33Z">
        </test-method>
        <test-method status="PASS" signature="accessTestBaseAfterClass()" name="accessTestBaseAfterClass" is-config="true" duration-ms="14143" started-at="2012-09-11T07:57:35Z" finished-at="2012-09-11T07:57:49Z">
        </test-method>
        <test-method status="PASS" signature="afterClass()" name="afterClass" is-config="true" duration-ms="39" started-at="2012-09-11T07:57:35Z" finished-at="2012-09-11T07:57:35Z">
        </test-method>
        <test-method status="PASS" signature="accessTestBaseBeforeMethod()" name="accessTestBaseBeforeMethod" is-config="true" duration-ms="2" started-at="2012-09-11T07:55:33Z" finished-at="2012-09-11T07:55:33Z">
        </test-method>
      </class>
      <class name="com.vmware.qe.vcloud.tests.server.c2.catalog.CatalogPublish">
        <test-method status="PASS" signature="accessTestBaseAfterMethod()" name="accessTestBaseAfterMethod" is-config="true" duration-ms="2311" started-at="2012-09-11T07:31:50Z" finished-at="2012-09-11T07:31:52Z">
        </test-method>
        <test-method status="PASS" signature="copyTemplateFromPublishedCatalog()" name="copyTemplateFromPublishedCatalog" duration-ms="105931" started-at="2012-09-11T07:30:04Z" finished-at="2012-09-11T07:31:50Z">
        </test-method>
        <test-method status="PASS" signature="accessTestBaseBeforeMethod()" name="accessTestBaseBeforeMethod" is-config="true" duration-ms="3" started-at="2012-09-11T07:29:48Z" finished-at="2012-09-11T07:29:48Z">
        </test-method>
        <test-method status="PASS" signature="accessTestBaseAfterClass()" name="accessTestBaseAfterClass" is-config="true" duration-ms="25901" started-at="2012-09-11T07:31:52Z" finished-at="2012-09-11T07:32:18Z">
        </test-method>
        <test-method status="PASS" signature="beforeMethod()" name="beforeMethod" is-config="true" duration-ms="202" started-at="2012-09-11T07:30:04Z" finished-at="2012-09-11T07:30:04Z">
        </test-method>
        <test-method status="PASS" signature="accessTestBaseBeforeMethod()" name="accessTestBaseBeforeMethod" is-config="true" duration-ms="1" started-at="2012-09-11T07:30:04Z" finished-at="2012-09-11T07:30:04Z">
        </test-method>
        <test-method status="PASS" signature="copyMediaFromPublishedCatalog()" name="copyMediaFromPublishedCatalog" duration-ms="14934" started-at="2012-09-11T07:29:48Z" finished-at="2012-09-11T07:30:03Z">
        </test-method>
        <test-method status="PASS" signature="beforeClass()" name="beforeClass" is-config="true" duration-ms="39170" started-at="2012-09-11T07:29:09Z" finished-at="2012-09-11T07:29:48Z">
        </test-method>
        <test-method status="PASS" signature="beforeMethod()" name="beforeMethod" is-config="true" duration-ms="192" started-at="2012-09-11T07:29:48Z" finished-at="2012-09-11T07:29:48Z">
        </test-method>
        <test-method status="PASS" signature="accessTestBaseBeforeClass()" name="accessTestBaseBeforeClass" is-config="true" duration-ms="1868" started-at="2012-09-11T07:29:07Z" finished-at="2012-09-11T07:29:09Z">
        </test-method>
        <test-method status="PASS" signature="accessTestBaseAfterMethod()" name="accessTestBaseAfterMethod" is-config="true" duration-ms="774" started-at="2012-09-11T07:30:03Z" finished-at="2012-09-11T07:30:04Z">
        </test-method>
      </class>
      <class name="com.vmware.qe.vcloud.tests.server.c2.vapplifecycle.AddVmToVapp">
        <test-method status="PASS" signature="accessTestBaseBeforeMethod()" name="accessTestBaseBeforeMethod" is-config="true" duration-ms="2" started-at="2012-09-11T08:03:02Z" finished-at="2012-09-11T08:03:02Z">
        </test-method>
        <test-method status="PASS" signature="beforeClass()" name="beforeClass" is-config="true" duration-ms="36888" started-at="2012-09-11T08:02:26Z" finished-at="2012-09-11T08:03:02Z">
        </test-method>
        <test-method status="FAIL" signature="addNewVmToExistingVapp()" name="addNewVmToExistingVapp" duration-ms="122506" started-at="2012-09-11T08:03:02Z" description="Add a new VM to an existing VApp" finished-at="2012-09-11T08:05:05Z">
          <exception class="com.vmware.qe.vcloud.server.ServiceException">
            <message>
              <![CDATA[Task failed || class com.vmware.qe.vcloud.server.impl.rest.ServiceRestException: Task FailedUnable to perform this action. Contact your cloud administrator.]]>
            </message>
            <full-stacktrace>
              <![CDATA[com.vmware.qe.vcloud.server.ServiceException: Task failed || class com.vmware.qe.vcloud.server.impl.rest.ServiceRestException: Task FailedUnable to perform this action. Contact your cloud administrator.
	at com.vmware.qe.vcloud.server.impl.rest.BaseServiceImpl.waitForTaskCompletion(BaseServiceImpl.java:176)
	at com.vmware.qe.vcloud.server.impl.rest.BaseServiceImpl.waitForTaskCompletion(BaseServiceImpl.java:189)
	at com.vmware.qe.vcloud.server.impl.rest.BaseServiceImpl.waitForTaskCompletion(BaseServiceImpl.java:261)
	at com.vmware.qe.vcloud.server.impl.rest.VAppServiceImpl.add(VAppServiceImpl.java:2055)
	at com.vmware.qe.vcloud.tests.server.c2.vapplifecycle.AddVmToVapp.addNewVmToExistingVapp(AddVmToVapp.java:68)
	at sun.reflect.NativeMethodAccessorImpl.invoke0(Native Method)
	at sun.reflect.NativeMethodAccessorImpl.invoke(NativeMethodAccessorImpl.java:57)
	at sun.reflect.DelegatingMethodAccessorImpl.invoke(DelegatingMethodAccessorImpl.java:43)
	at java.lang.reflect.Method.invoke(Method.java:616)
	at org.testng.internal.MethodInvocationHelper.invokeMethod(MethodInvocationHelper.java:80)
	at org.testng.internal.Invoker.invokeMethod(Invoker.java:673)
	at org.testng.internal.Invoker.invokeTestMethod(Invoker.java:842)
	at org.testng.internal.Invoker.invokeTestMethods(Invoker.java:1166)
	at org.testng.internal.TestMethodWorker.invokeTestMethods(TestMethodWorker.java:125)
	at org.testng.internal.TestMethodWorker.run(TestMethodWorker.java:109)
	at org.testng.TestRunner.runWorkers(TestRunner.java:1178)
	at org.testng.TestRunner.privateRun(TestRunner.java:757)
	at org.testng.TestRunner.run(TestRunner.java:608)
	at org.testng.SuiteRunner.runTest(SuiteRunner.java:334)
	at org.testng.SuiteRunner.runSequentially(SuiteRunner.java:329)
	at org.testng.SuiteRunner.privateRun(SuiteRunner.java:291)
	at org.testng.SuiteRunner.run(SuiteRunner.java:240)
	at org.testng.SuiteRunnerWorker.runSuite(SuiteRunnerWorker.java:52)
	at org.testng.SuiteRunnerWorker.run(SuiteRunnerWorker.java:86)
	at org.testng.TestNG.runSuitesSequentially(TestNG.java:1158)
	at org.testng.TestNG.runSuitesLocally(TestNG.java:1083)
	at org.testng.TestNG.run(TestNG.java:999)
	at org.testng.TestNG.privateMain(TestNG.java:1301)
	at org.testng.TestNG.main(TestNG.java:1265)
]]>
            </full-stacktrace>
          </exception>
        </test-method>
        <test-method status="PASS" signature="accessTestBaseAfterMethod()" name="accessTestBaseAfterMethod" is-config="true" duration-ms="7" started-at="2012-09-11T08:05:05Z" finished-at="2012-09-11T08:05:05Z">
        </test-method>
        <test-method status="PASS" signature="accessTestBaseBeforeClass()" name="accessTestBaseBeforeClass" is-config="true" duration-ms="1953" started-at="2012-09-11T08:02:24Z" finished-at="2012-09-11T08:02:26Z">
        </test-method>
        <test-method status="PASS" signature="accessTestBaseAfterClass()" name="accessTestBaseAfterClass" is-config="true" duration-ms="20642" started-at="2012-09-11T08:05:05Z" finished-at="2012-09-11T08:05:26Z">
        </test-method>
      </class>
      <class name="com.vmware.qe.vcloud.tests.server.c2.fastProvisioning.ConsolidateVmTest">
        <test-method status="PASS" signature="beforeClass()" name="beforeClass" is-config="true" duration-ms="26059" started-at="2012-09-11T07:00:16Z" finished-at="2012-09-11T07:00:42Z">
        </test-method>
        <test-method status="PASS" signature="accessTestBaseBeforeClass()" name="accessTestBaseBeforeClass" is-config="true" duration-ms="2082" started-at="2012-09-11T07:00:14Z" finished-at="2012-09-11T07:00:16Z">
        </test-method>
        <test-method status="PASS" signature="accessTestBaseAfterClass()" name="accessTestBaseAfterClass" is-config="true" duration-ms="14159" started-at="2012-09-11T07:04:20Z" finished-at="2012-09-11T07:04:35Z">
        </test-method>
        <test-method status="FAIL" signature="consolidateMyCloudVm()" name="consolidateMyCloudVm" duration-ms="208025" started-at="2012-09-11T07:00:42Z" description="FP: Consolidate a copied myCloud vApp Vm with chain length" finished-at="2012-09-11T07:04:10Z">
          <exception class="com.vmware.qe.vcloud.server.ServiceException">
            <message>
              <![CDATA[Task failed || class com.vmware.qe.vcloud.server.impl.rest.ServiceRestException: Task FailedUnable to start vApp "secondCopyAaGGGw".  - HTTP NFC Error. Cannot deploy package from /opt/vmware/vcloud-director/tmp/cust2404852765005618390.cab to 'vm1 (ef4ce49c-9230-49b0-92d7-c76ee362ee2d)/cust2404852765005618390.cab'.  - java.net.SocketException: Broken pipe  - Broken pipe]]>
            </message>
            <full-stacktrace>
              <![CDATA[com.vmware.qe.vcloud.server.ServiceException: Task failed || class com.vmware.qe.vcloud.server.impl.rest.ServiceRestException: Task FailedUnable to start vApp "secondCopyAaGGGw".  - HTTP NFC Error. Cannot deploy package from /opt/vmware/vcloud-director/tmp/cust2404852765005618390.cab to 'vm1 (ef4ce49c-9230-49b0-92d7-c76ee362ee2d)/cust2404852765005618390.cab'.  - java.net.SocketException: Broken pipe  - Broken pipe
	at com.vmware.qe.vcloud.server.impl.rest.BaseServiceImpl.waitForTaskCompletion(BaseServiceImpl.java:176)
	at com.vmware.qe.vcloud.server.impl.rest.BaseServiceImpl.waitForTaskCompletion(BaseServiceImpl.java:189)
	at com.vmware.qe.vcloud.server.impl.rest.BaseServiceImpl.waitForTaskCompletion(BaseServiceImpl.java:261)
	at com.vmware.qe.vcloud.server.impl.rest.VAppServiceImpl.powerOn(VAppServiceImpl.java:284)
	at com.vmware.qe.vcloud.tests.server.c2.fastProvisioning.ConsolidateVmTest.consolidateMyCloudVm(ConsolidateVmTest.java:66)
	at sun.reflect.NativeMethodAccessorImpl.invoke0(Native Method)
	at sun.reflect.NativeMethodAccessorImpl.invoke(NativeMethodAccessorImpl.java:57)
	at sun.reflect.DelegatingMethodAccessorImpl.invoke(DelegatingMethodAccessorImpl.java:43)
	at java.lang.reflect.Method.invoke(Method.java:616)
	at org.testng.internal.MethodInvocationHelper.invokeMethod(MethodInvocationHelper.java:80)
	at org.testng.internal.Invoker.invokeMethod(Invoker.java:673)
	at org.testng.internal.Invoker.invokeTestMethod(Invoker.java:842)
	at org.testng.internal.Invoker.invokeTestMethods(Invoker.java:1166)
	at org.testng.internal.TestMethodWorker.invokeTestMethods(TestMethodWorker.java:125)
	at org.testng.internal.TestMethodWorker.run(TestMethodWorker.java:109)
	at org.testng.TestRunner.runWorkers(TestRunner.java:1178)
	at org.testng.TestRunner.privateRun(TestRunner.java:757)
	at org.testng.TestRunner.run(TestRunner.java:608)
	at org.testng.SuiteRunner.runTest(SuiteRunner.java:334)
	at org.testng.SuiteRunner.runSequentially(SuiteRunner.java:329)
	at org.testng.SuiteRunner.privateRun(SuiteRunner.java:291)
	at org.testng.SuiteRunner.run(SuiteRunner.java:240)
	at org.testng.SuiteRunnerWorker.runSuite(SuiteRunnerWorker.java:52)
	at org.testng.SuiteRunnerWorker.run(SuiteRunnerWorker.java:86)
	at org.testng.TestNG.runSuitesSequentially(TestNG.java:1158)
	at org.testng.TestNG.runSuitesLocally(TestNG.java:1083)
	at org.testng.TestNG.run(TestNG.java:999)
	at org.testng.TestNG.privateMain(TestNG.java:1301)
	at org.testng.TestNG.main(TestNG.java:1265)
]]>
            </full-stacktrace>
          </exception>
        </test-method>
        <test-method status="PASS" signature="accessTestBaseBeforeMethod()" name="accessTestBaseBeforeMethod" is-config="true" duration-ms="1" started-at="2012-09-11T07:00:42Z" finished-at="2012-09-11T07:00:42Z">
        </test-method>
        <test-method status="PASS" signature="accessTestBaseAfterMethod()" name="accessTestBaseAfterMethod" is-config="true" duration-ms="10105" started-at="2012-09-11T07:04:10Z" finished-at="2012-09-11T07:04:20Z">
        </test-method>
      </class>
      <class name="com.vmware.qe.vcloud.tests.server.rm.orgvdc.OrgvDCCommon">
        <test-method status="PASS" signature="accessTestBaseBeforeMethod()" name="accessTestBaseBeforeMethod" is-config="true" duration-ms="1" started-at="2012-09-11T08:37:55Z" finished-at="2012-09-11T08:37:55Z">
        </test-method>
        <test-method status="PASS" signature="afterClass()" name="afterClass" is-config="true" duration-ms="30" started-at="2012-09-11T08:40:58Z" finished-at="2012-09-11T08:40:58Z">
        </test-method>
        <test-method status="PASS" signature="accessTestBaseBeforeMethod()" name="accessTestBaseBeforeMethod" is-config="true" duration-ms="1" started-at="2012-09-11T08:37:32Z" finished-at="2012-09-11T08:37:32Z">
        </test-method>
        <test-method status="PASS" signature="beforeClass()" name="beforeClass" is-config="true" duration-ms="1039" started-at="2012-09-11T08:36:38Z" finished-at="2012-09-11T08:36:39Z">
        </test-method>
        <test-method status="PASS" signature="accessTestBaseBeforeMethod()" name="accessTestBaseBeforeMethod" is-config="true" duration-ms="1" started-at="2012-09-11T08:40:30Z" finished-at="2012-09-11T08:40:30Z">
        </test-method>
        <test-method status="PASS" signature="deleteEmptyOrgvDC()" name="deleteEmptyOrgvDC" duration-ms="155195" started-at="2012-09-11T08:37:55Z" finished-at="2012-09-11T08:40:30Z">
        </test-method>
        <test-method status="PASS" signature="accessTestBaseAfterClass()" name="accessTestBaseAfterClass" is-config="true" duration-ms="15709" started-at="2012-09-11T08:40:58Z" finished-at="2012-09-11T08:41:14Z">
        </test-method>
        <test-method status="PASS" signature="changeAllocationPoolOrgVDCResourceSettings()" name="changeAllocationPoolOrgVDCResourceSettings" duration-ms="29267" started-at="2012-09-11T08:36:39Z" description="change allocation pool vdc resource settings" finished-at="2012-09-11T08:37:08Z">
        </test-method>
        <test-method status="PASS" signature="accessTestBaseAfterMethod()" name="accessTestBaseAfterMethod" is-config="true" duration-ms="7" started-at="2012-09-11T08:40:30Z" finished-at="2012-09-11T08:40:30Z">
        </test-method>
        <test-method status="PASS" signature="accessTestBaseAfterMethod()" name="accessTestBaseAfterMethod" is-config="true" duration-ms="9269" started-at="2012-09-11T08:37:08Z" finished-at="2012-09-11T08:37:18Z">
        </test-method>
        <test-method status="PASS" signature="accessTestBaseAfterMethod()" name="accessTestBaseAfterMethod" is-config="true" duration-ms="9262" started-at="2012-09-11T08:40:49Z" finished-at="2012-09-11T08:40:58Z">
        </test-method>
        <test-method status="PASS" signature="accessTestBaseAfterMethod()" name="accessTestBaseAfterMethod" is-config="true" duration-ms="7" started-at="2012-09-11T08:37:32Z" finished-at="2012-09-11T08:37:32Z">
        </test-method>
        <test-method status="PASS" signature="accessTestBaseBeforeMethod()" name="accessTestBaseBeforeMethod" is-config="true" duration-ms="2" started-at="2012-09-11T08:36:39Z" finished-at="2012-09-11T08:36:39Z">
        </test-method>
        <test-method status="PASS" signature="changePayGoOrgVDCResourceSettings()" name="changePayGoOrgVDCResourceSettings" duration-ms="14250" started-at="2012-09-11T08:37:18Z" description="change PayGo vdc resource settings" finished-at="2012-09-11T08:37:32Z">
        </test-method>
        <test-method status="PASS" signature="disableEnableOrgVdc()" name="disableEnableOrgVdc" duration-ms="18578" started-at="2012-09-11T08:40:30Z" finished-at="2012-09-11T08:40:49Z">
        </test-method>
        <test-method status="PASS" signature="accessTestBaseBeforeMethod()" name="accessTestBaseBeforeMethod" is-config="true" duration-ms="2" started-at="2012-09-11T08:37:18Z" finished-at="2012-09-11T08:37:18Z">
        </test-method>
        <test-method status="PASS" signature="accessTestBaseAfterMethod()" name="accessTestBaseAfterMethod" is-config="true" duration-ms="9056" started-at="2012-09-11T08:37:46Z" finished-at="2012-09-11T08:37:55Z">
        </test-method>
        <test-method status="PASS" signature="accessTestBaseBeforeClass()" name="accessTestBaseBeforeClass" is-config="true" duration-ms="2006" started-at="2012-09-11T08:36:36Z" finished-at="2012-09-11T08:36:38Z">
        </test-method>
        <test-method status="PASS" signature="changeReservationPoolOrgVDCResourceSettings()" name="changeReservationPoolOrgVDCResourceSettings" duration-ms="13747" started-at="2012-09-11T08:37:32Z" description="change reservation pool vdc resource settings" finished-at="2012-09-11T08:37:46Z">
        </test-method>
      </class>
      <class name="com.vmware.qe.vcloud.tests.server.c2.nameddisk.IndependentDisks">
        <test-method status="PASS" signature="testQueryVMDiskRelation()" name="testQueryVMDiskRelation" duration-ms="64655" started-at="2012-09-11T08:46:26Z" description="Query for vmdiskrelation record and ensure that relation is valid" finished-at="2012-09-11T08:47:31Z">
        </test-method>
        <test-method status="PASS" signature="accessTestBaseBeforeClass()" name="accessTestBaseBeforeClass" is-config="true" duration-ms="1814" started-at="2012-09-11T08:44:20Z" finished-at="2012-09-11T08:44:22Z">
        </test-method>
        <test-method status="PASS" signature="afterClass()" name="afterClass" is-config="true" duration-ms="259" started-at="2012-09-11T08:47:37Z" finished-at="2012-09-11T08:47:37Z">
        </test-method>
        <test-method status="PASS" signature="beforeMethod()" name="beforeMethod" is-config="true" duration-ms="112795" started-at="2012-09-11T08:44:33Z" finished-at="2012-09-11T08:46:26Z">
        </test-method>
        <test-method status="PASS" signature="accessTestBaseAfterClass()" name="accessTestBaseAfterClass" is-config="true" duration-ms="14178" started-at="2012-09-11T08:47:37Z" finished-at="2012-09-11T08:47:51Z">
        </test-method>
        <test-method status="PASS" signature="accessTestBaseBeforeMethod()" name="accessTestBaseBeforeMethod" is-config="true" duration-ms="1" started-at="2012-09-11T08:44:33Z" finished-at="2012-09-11T08:44:33Z">
        </test-method>
        <test-method status="PASS" signature="beforeClass()" name="beforeClass" is-config="true" duration-ms="10798" started-at="2012-09-11T08:44:22Z" finished-at="2012-09-11T08:44:33Z">
        </test-method>
        <test-method status="PASS" signature="accessTestBaseAfterMethod()" name="accessTestBaseAfterMethod" is-config="true" duration-ms="6381" started-at="2012-09-11T08:47:31Z" finished-at="2012-09-11T08:47:37Z">
        </test-method>
      </class>
      <class name="com.vmware.qe.vcloud.tests.server.c2.vapplifecycle.CreateNewVapp">
        <test-method status="PASS" signature="importVmFromVcAsVapp()" name="importVmFromVcAsVapp" duration-ms="35157" started-at="2012-09-11T08:01:31Z" description="Import vm from vCenter - as new vApp, copy" finished-at="2012-09-11T08:02:07Z">
        </test-method>
        <test-method status="PASS" signature="accessTestBaseBeforeMethod()" name="accessTestBaseBeforeMethod" is-config="true" duration-ms="1" started-at="2012-09-11T08:01:31Z" finished-at="2012-09-11T08:01:31Z">
        </test-method>
        <test-method status="PASS" signature="accessTestBaseAfterClass()" name="accessTestBaseAfterClass" is-config="true" duration-ms="10764" started-at="2012-09-11T08:02:13Z" finished-at="2012-09-11T08:02:24Z">
        </test-method>
        <test-method status="PASS" signature="accessTestBaseAfterMethod()" name="accessTestBaseAfterMethod" is-config="true" duration-ms="6188" started-at="2012-09-11T08:02:07Z" finished-at="2012-09-11T08:02:13Z">
        </test-method>
        <test-method status="PASS" signature="accessTestBaseBeforeClass()" name="accessTestBaseBeforeClass" is-config="true" duration-ms="1859" started-at="2012-09-11T08:00:52Z" finished-at="2012-09-11T08:00:54Z">
        </test-method>
        <test-method status="PASS" signature="beforeClass()" name="beforeClass" is-config="true" duration-ms="37546" started-at="2012-09-11T08:00:54Z" finished-at="2012-09-11T08:01:31Z">
        </test-method>
      </class>
      <class name="com.vmware.qe.vcloud.tests.server.rm.pvdc.PvDCCreationEdit">
        <test-method status="PASS" signature="accessTestBaseBeforeMethod()" name="accessTestBaseBeforeMethod" is-config="true" duration-ms="2" started-at="2012-09-11T07:58:43Z" finished-at="2012-09-11T07:58:43Z">
        </test-method>
        <test-method status="PASS" signature="beforeClass()" name="beforeClass" is-config="true" duration-ms="2273" started-at="2012-09-11T07:57:51Z" finished-at="2012-09-11T07:57:54Z">
        </test-method>
        <test-method status="PASS" signature="createPvDC()" name="createPvDC" duration-ms="38035" started-at="2012-09-11T07:57:54Z" finished-at="2012-09-11T07:58:32Z">
        </test-method>
        <test-method status="PASS" signature="accessTestBaseBeforeMethod()" name="accessTestBaseBeforeMethod" is-config="true" duration-ms="2" started-at="2012-09-11T07:59:28Z" finished-at="2012-09-11T07:59:28Z">
        </test-method>
        <test-method status="PASS" signature="deleteEmptyPvDC()" name="deleteEmptyPvDC" duration-ms="44889" started-at="2012-09-11T07:58:43Z" finished-at="2012-09-11T07:59:28Z">
        </test-method>
        <test-method status="PASS" signature="accessTestBaseAfterMethod()" name="accessTestBaseAfterMethod" is-config="true" duration-ms="205" started-at="2012-09-11T08:00:09Z" finished-at="2012-09-11T08:00:09Z">
        </test-method>
        <test-method status="PASS" signature="accessTestBaseAfterClass()" name="accessTestBaseAfterClass" is-config="true" duration-ms="787" started-at="2012-09-11T08:00:51Z" finished-at="2012-09-11T08:00:52Z">
        </test-method>
        <test-method status="PASS" signature="accessTestBaseBeforeMethod()" name="accessTestBaseBeforeMethod" is-config="true" duration-ms="2" started-at="2012-09-11T08:00:09Z" finished-at="2012-09-11T08:00:09Z">
        </test-method>
        <test-method status="PASS" signature="accessTestBaseBeforeClass()" name="accessTestBaseBeforeClass" is-config="true" duration-ms="1995" started-at="2012-09-11T07:57:49Z" finished-at="2012-09-11T07:57:51Z">
        </test-method>
        <test-method status="PASS" signature="accessTestBaseBeforeMethod()" name="accessTestBaseBeforeMethod" is-config="true" duration-ms="1" started-at="2012-09-11T07:57:54Z" finished-at="2012-09-11T07:57:54Z">
        </test-method>
        <test-method status="PASS" signature="accessTestBaseAfterMethod()" name="accessTestBaseAfterMethod" is-config="true" duration-ms="11158" started-at="2012-09-11T07:58:32Z" finished-at="2012-09-11T07:58:43Z">
        </test-method>
        <test-method status="PASS" signature="afterClass()" name="afterClass" is-config="true" duration-ms="28" started-at="2012-09-11T08:00:51Z" finished-at="2012-09-11T08:00:51Z">
        </test-method>
        <test-method status="PASS" signature="enablePvDC()" name="enablePvDC" duration-ms="42197" started-at="2012-09-11T08:00:09Z" finished-at="2012-09-11T08:00:51Z">
        </test-method>
        <test-method status="PASS" signature="accessTestBaseAfterMethod()" name="accessTestBaseAfterMethod" is-config="true" duration-ms="202" started-at="2012-09-11T07:59:28Z" finished-at="2012-09-11T07:59:28Z">
        </test-method>
        <test-method status="PASS" signature="accessTestBaseAfterMethod()" name="accessTestBaseAfterMethod" is-config="true" duration-ms="168" started-at="2012-09-11T08:00:51Z" finished-at="2012-09-11T08:00:51Z">
        </test-method>
        <test-method status="PASS" signature="disablePvDC()" name="disablePvDC" duration-ms="40669" started-at="2012-09-11T07:59:28Z" finished-at="2012-09-11T08:00:09Z">
        </test-method>
      </class>
      <class name="com.vmware.qe.vcloud.tests.server.c2.fastProvisioning.VappFastProvisioningTest">
        <test-method status="PASS" signature="afterClass()" name="afterClass" is-config="true" duration-ms="31" started-at="2012-09-11T06:45:31Z" finished-at="2012-09-11T06:45:31Z">
        </test-method>
        <test-method status="PASS" signature="beforeMethod()" name="beforeMethod" is-config="true" duration-ms="13156" started-at="2012-09-11T06:42:15Z" finished-at="2012-09-11T06:42:28Z">
        </test-method>
        <test-method status="PASS" signature="accessTestBaseBeforeClass()" name="accessTestBaseBeforeClass" is-config="true" duration-ms="1811" started-at="2012-09-11T06:40:35Z" finished-at="2012-09-11T06:40:37Z">
        </test-method>
        <test-method status="PASS" signature="accessTestBaseBeforeMethod()" name="accessTestBaseBeforeMethod" is-config="true" duration-ms="2" started-at="2012-09-11T06:44:00Z" finished-at="2012-09-11T06:44:00Z">
        </test-method>
        <test-method status="PASS" signature="moveVappAcrossOrgVdcsBothFastProvisioned()" name="moveVappAcrossOrgVdcsBothFastProvisioned" duration-ms="71861" started-at="2012-09-11T06:44:12Z" description="MyCloud vApp Move across OrgvDCs (both vdc configured for fastprovisioning)." finished-at="2012-09-11T06:45:24Z">
        </test-method>
        <test-method status="PASS" signature="accessTestBaseBeforeMethod()" name="accessTestBaseBeforeMethod" is-config="true" duration-ms="2" started-at="2012-09-11T06:42:15Z" finished-at="2012-09-11T06:42:15Z">
        </test-method>
        <test-method status="PASS" signature="copyVappAcrossOrgVdcsBothFastProvisioned()" name="copyVappAcrossOrgVdcsBothFastProvisioned" duration-ms="82479" started-at="2012-09-11T06:42:28Z" description="vApp copy within same DS should use linked-clone" finished-at="2012-09-11T06:43:51Z">
        </test-method>
        <test-method status="PASS" signature="beforeMethod()" name="beforeMethod" is-config="true" duration-ms="12198" started-at="2012-09-11T06:44:00Z" finished-at="2012-09-11T06:44:12Z">
        </test-method>
        <test-method status="PASS" signature="accessTestBaseAfterMethod()" name="accessTestBaseAfterMethod" is-config="true" duration-ms="8796" started-at="2012-09-11T06:43:51Z" finished-at="2012-09-11T06:44:00Z">
        </test-method>
        <test-method status="PASS" signature="accessTestBaseAfterClass()" name="accessTestBaseAfterClass" is-config="true" duration-ms="18722" started-at="2012-09-11T06:45:31Z" finished-at="2012-09-11T06:45:50Z">
        </test-method>
        <test-method status="PASS" signature="accessTestBaseAfterMethod()" name="accessTestBaseAfterMethod" is-config="true" duration-ms="7149" started-at="2012-09-11T06:45:24Z" finished-at="2012-09-11T06:45:31Z">
        </test-method>
[...]
        <test-method status="PASS" signature="accessTestBaseBeforeClass()" name="accessTestBaseBeforeClass" is-config="true" duration-ms="2023" started-at="2012-09-11T08:20:28Z" finished-at="2012-09-11T08:20:30Z">
        </test-method>
        <test-method status="PASS" signature="accessTestBaseAfterClass()" name="accessTestBaseAfterClass" is-config="true" duration-ms="17801" started-at="2012-09-11T08:25:00Z" finished-at="2012-09-11T08:25:18Z">
        </test-method>
        <test-method status="PASS" signature="beforeClass()" name="beforeClass" is-config="true" duration-ms="24859" started-at="2012-09-11T08:20:30Z" finished-at="2012-09-11T08:20:54Z">
        </test-method>
        <test-method status="PASS" signature="accessTestBaseBeforeMethod()" name="accessTestBaseBeforeMethod" is-config="true" duration-ms="2" started-at="2012-09-11T08:23:07Z" finished-at="2012-09-11T08:23:07Z">
        </test-method>
        <test-method status="PASS" signature="accessTestBaseAfterMethod()" name="accessTestBaseAfterMethod" is-config="true" duration-ms="2533" started-at="2012-09-11T08:23:04Z" finished-at="2012-09-11T08:23:07Z">
        </test-method>
        <test-method status="PASS" signature="afterClass()" name="afterClass" is-config="true" duration-ms="355" started-at="2012-09-11T08:25:00Z" finished-at="2012-09-11T08:25:00Z">
        </test-method>
        <test-method status="PASS" signature="copyTemplateCrossOrgVdc()" name="copyTemplateCrossOrgVdc" duration-ms="129906" started-at="2012-09-11T08:20:54Z" finished-at="2012-09-11T08:23:04Z">
        </test-method>
        <test-method status="PASS" signature="accessTestBaseBeforeMethod()" name="accessTestBaseBeforeMethod" is-config="true" duration-ms="2" started-at="2012-09-11T08:20:54Z" finished-at="2012-09-11T08:20:54Z">
        </test-method>
        <test-method status="PASS" signature="accessTestBaseAfterMethod()" name="accessTestBaseAfterMethod" is-config="true" duration-ms="16223" started-at="2012-09-11T08:24:44Z" finished-at="2012-09-11T08:25:00Z">
        </test-method>
        <test-method status="PASS" signature="copyTemplateCrossVc()" name="copyTemplateCrossVc" duration-ms="96866" started-at="2012-09-11T08:23:07Z" finished-at="2012-09-11T08:24:44Z">
        </test-method>
      </class>
      <class name="com.vmware.qe.vcloud.tests.server.ee.authentication.LdapBasicMatrix">
        <test-method status="PASS" signature="loginKnownLdapUser()" name="loginKnownLdapUser" duration-ms="1126" started-at="2012-09-11T06:30:57Z" finished-at="2012-09-11T06:30:58Z">
        </test-method>
        <test-method status="PASS" signature="accessTestBaseBeforeMethod()" name="accessTestBaseBeforeMethod" is-config="true" duration-ms="2" started-at="2012-09-11T06:30:55Z" finished-at="2012-09-11T06:30:55Z">
        </test-method>
        <test-method status="PASS" signature="importLdapGroup()" name="importLdapGroup" duration-ms="2590" started-at="2012-09-11T06:30:52Z" finished-at="2012-09-11T06:30:55Z">
        </test-method>
        <test-method status="PASS" signature="afterMethod()" name="afterMethod" is-config="true" duration-ms="39" started-at="2012-09-11T06:30:55Z" finished-at="2012-09-11T06:30:55Z">
        </test-method>
        <test-method status="PASS" signature="afterMethod()" name="afterMethod" is-config="true" duration-ms="39" started-at="2012-09-11T06:30:57Z" finished-at="2012-09-11T06:30:57Z">
        </test-method>
        <test-method status="PASS" signature="accessTestBaseBeforeClass()" name="accessTestBaseBeforeClass" is-config="true" duration-ms="1805" started-at="2012-09-11T06:30:50Z" finished-at="2012-09-11T06:30:51Z">
        </test-method>
        <test-method status="PASS" signature="accessTestBaseBeforeMethod()" name="accessTestBaseBeforeMethod" is-config="true" duration-ms="2" started-at="2012-09-11T06:30:52Z" finished-at="2012-09-11T06:30:52Z">
        </test-method>
        <test-method status="PASS" signature="accessTestBaseAfterMethod()" name="accessTestBaseAfterMethod" is-config="true" duration-ms="291" started-at="2012-09-11T06:30:55Z" finished-at="2012-09-11T06:30:55Z">
        </test-method>
        <test-method status="PASS" signature="importLdapUser()" name="importLdapUser" duration-ms="1599" started-at="2012-09-11T06:30:55Z" finished-at="2012-09-11T06:30:57Z">
        </test-method>
        <test-method status="PASS" signature="accessTestBaseBeforeMethod()" name="accessTestBaseBeforeMethod" is-config="true" duration-ms="2" started-at="2012-09-11T06:30:57Z" finished-at="2012-09-11T06:30:57Z">
        </test-method>
        <test-method status="PASS" signature="accessTestBaseAfterClass()" name="accessTestBaseAfterClass" is-config="true" duration-ms="824" started-at="2012-09-11T06:30:59Z" finished-at="2012-09-11T06:31:00Z">
        </test-method>
        <test-method status="PASS" signature="afterMethod()" name="afterMethod" is-config="true" duration-ms="36" started-at="2012-09-11T06:30:58Z" finished-at="2012-09-11T06:30:59Z">
        </test-method>
        <test-method status="PASS" signature="accessTestBaseAfterMethod()" name="accessTestBaseAfterMethod" is-config="true" duration-ms="300" started-at="2012-09-11T06:30:57Z" finished-at="2012-09-11T06:30:57Z">
        </test-method>
        <test-method status="PASS" signature="beforeClass()" name="beforeClass" is-config="true" duration-ms="1028" started-at="2012-09-11T06:30:51Z" finished-at="2012-09-11T06:30:52Z">
        </test-method>
        <test-method status="PASS" signature="accessTestBaseAfterMethod()" name="accessTestBaseAfterMethod" is-config="true" duration-ms="190" started-at="2012-09-11T06:30:59Z" finished-at="2012-09-11T06:30:59Z">
        </test-method>
      </class>
      <class name="com.vmware.qe.vcloud.tests.server.c2.snapshot.SnapshotTests">
        <test-method status="PASS" signature="removeAllSnapshotsFromVAppWithDefaults()" name="removeAllSnapshotsFromVAppWithDefaults" duration-ms="51450" started-at="2012-09-11T07:26:37Z" description="Remove all snapshots from VApp (283536)" finished-at="2012-09-11T07:27:28Z">
        </test-method>
        <test-method status="PASS" signature="cleanup()" name="cleanup" is-config="true" duration-ms="5457" started-at="2012-09-11T07:27:28Z" finished-at="2012-09-11T07:27:34Z">
        </test-method>
        <test-method status="PASS" signature="accessTestBaseAfterMethod()" name="accessTestBaseAfterMethod" is-config="true" duration-ms="6777" started-at="2012-09-11T07:27:34Z" finished-at="2012-09-11T07:27:41Z">
        </test-method>
        <test-method status="PASS" signature="revertVAppToSnapshotWithDefaults()" name="revertVAppToSnapshotWithDefaults" duration-ms="46060" started-at="2012-09-11T07:27:41Z" description="Revert VApp to current snapshot (281705)" finished-at="2012-09-11T07:28:27Z">
        </test-method>
        <test-method status="PASS" signature="accessTestBaseBeforeMethod()" name="accessTestBaseBeforeMethod" is-config="true" duration-ms="2" started-at="2012-09-11T07:27:41Z" finished-at="2012-09-11T07:27:41Z">
        </test-method>
        <test-method status="PASS" signature="beforeClass()" name="beforeClass" is-config="true" duration-ms="61241" started-at="2012-09-11T07:23:31Z" finished-at="2012-09-11T07:24:32Z">
        </test-method>
        <test-method status="PASS" signature="accessTestBaseBeforeClass()" name="accessTestBaseBeforeClass" is-config="true" duration-ms="1881" started-at="2012-09-11T07:23:29Z" finished-at="2012-09-11T07:23:31Z">
        </test-method>
        <test-method status="PASS" signature="cleanup()" name="cleanup" is-config="true" duration-ms="5463" started-at="2012-09-11T07:28:27Z" finished-at="2012-09-11T07:28:32Z">
        </test-method>
        <test-method status="PASS" signature="accessTestBaseAfterClass()" name="accessTestBaseAfterClass" is-config="true" duration-ms="27829" started-at="2012-09-11T07:28:39Z" finished-at="2012-09-11T07:29:07Z">
        </test-method>
        <test-method status="PASS" signature="accessTestBaseAfterMethod()" name="accessTestBaseAfterMethod" is-config="true" duration-ms="6709" started-at="2012-09-11T07:28:32Z" finished-at="2012-09-11T07:28:39Z">
        </test-method>
        <test-method status="PASS" signature="cleanup()" name="cleanup" is-config="true" duration-ms="5623" started-at="2012-09-11T07:26:24Z" finished-at="2012-09-11T07:26:30Z">
        </test-method>
        <test-method status="PASS" signature="accessTestBaseAfterMethod()" name="accessTestBaseAfterMethod" is-config="true" duration-ms="6908" started-at="2012-09-11T07:26:30Z" finished-at="2012-09-11T07:26:37Z">
        </test-method>
        <test-method status="PASS" signature="accessTestBaseBeforeMethod()" name="accessTestBaseBeforeMethod" is-config="true" duration-ms="2" started-at="2012-09-11T07:26:37Z" finished-at="2012-09-11T07:26:37Z">
        </test-method>
        <test-method status="PASS" signature="createVAppSnapshotWithDefaults()" name="createVAppSnapshotWithDefaults" duration-ms="112313" started-at="2012-09-11T07:24:32Z" description="Createsnapshot of vapp with default snapshot spec (281673)" finished-at="2012-09-11T07:26:24Z">
        </test-method>
        <test-method status="PASS" signature="accessTestBaseBeforeMethod()" name="accessTestBaseBeforeMethod" is-config="true" duration-ms="1" started-at="2012-09-11T07:24:32Z" finished-at="2012-09-11T07:24:32Z">
        </test-method>
      </class>
      <class name="com.vmware.qe.vcloud.tests.server.ee.settings.OrgLifecycle.OrganizationLifecycle">
        <test-method status="PASS" signature="disableOrganization()" name="disableOrganization" duration-ms="2470" started-at="2012-09-11T06:22:35Z" finished-at="2012-09-11T06:22:38Z">
        </test-method>
        <test-method status="PASS" signature="createOrganization()" name="createOrganization" duration-ms="1387" started-at="2012-09-11T06:22:30Z" finished-at="2012-09-11T06:22:31Z">
        </test-method>
        <test-method status="PASS" signature="accessTestBaseAfterMethod()" name="accessTestBaseAfterMethod" is-config="true" duration-ms="307" started-at="2012-09-11T06:22:35Z" finished-at="2012-09-11T06:22:35Z">
        </test-method>
        <test-method status="PASS" signature="enableOrganization()" name="enableOrganization" duration-ms="2586" started-at="2012-09-11T06:22:38Z" finished-at="2012-09-11T06:22:41Z">
        </test-method>
        <test-method status="PASS" signature="accessTestBaseBeforeMethod()" name="accessTestBaseBeforeMethod" is-config="true" duration-ms="2" started-at="2012-09-11T06:22:38Z" finished-at="2012-09-11T06:22:38Z">
        </test-method>
        <test-method status="PASS" signature="accessTestBaseAfterMethod()" name="accessTestBaseAfterMethod" is-config="true" duration-ms="959" started-at="2012-09-11T06:22:31Z" finished-at="2012-09-11T06:22:32Z">
        </test-method>
        <test-method status="PASS" signature="accessTestBaseBeforeMethod()" name="accessTestBaseBeforeMethod" is-config="true" duration-ms="2" started-at="2012-09-11T06:22:32Z" finished-at="2012-09-11T06:22:32Z">
        </test-method>
        <test-method status="PASS" signature="accessTestBaseBeforeMethod()" name="accessTestBaseBeforeMethod" is-config="true" duration-ms="2" started-at="2012-09-11T06:22:35Z" finished-at="2012-09-11T06:22:35Z">
        </test-method>
        <test-method status="PASS" signature="accessTestBaseBeforeMethod()" name="accessTestBaseBeforeMethod" is-config="true" duration-ms="8" started-at="2012-09-11T06:22:30Z" finished-at="2012-09-11T06:22:30Z">
        </test-method>
        <test-method status="PASS" signature="accessTestBaseAfterMethod()" name="accessTestBaseAfterMethod" is-config="true" duration-ms="470" started-at="2012-09-11T06:22:38Z" finished-at="2012-09-11T06:22:38Z">
        </test-method>
        <test-method status="PASS" signature="accessTestBaseAfterClass()" name="accessTestBaseAfterClass" is-config="true" duration-ms="882" started-at="2012-09-11T06:22:42Z" finished-at="2012-09-11T06:22:42Z">
        </test-method>
        <test-method status="PASS" signature="accessTestBaseBeforeClass()" name="accessTestBaseBeforeClass" is-config="true" duration-ms="2163" started-at="2012-09-11T06:22:27Z" finished-at="2012-09-11T06:22:30Z">
        </test-method>
        <test-method status="PASS" signature="accessTestBaseAfterMethod()" name="accessTestBaseAfterMethod" is-config="true" duration-ms="635" started-at="2012-09-11T06:22:41Z" finished-at="2012-09-11T06:22:42Z">
        </test-method>
        <test-method status="PASS" signature="deleteOrganization()" name="deleteOrganization" duration-ms="3056" started-at="2012-09-11T06:22:32Z" finished-at="2012-09-11T06:22:35Z">
        </test-method>
      </class>
      <class name="com.vmware.qe.vcloud.tests.server.c2.catalog.CatalogOperations">
        <test-method status="PASS" signature="createSharedPublishedCatalog()" name="createSharedPublishedCatalog" duration-ms="4441" started-at="2012-09-11T07:34:13Z" finished-at="2012-09-11T07:34:18Z">
        </test-method>
        <test-method status="PASS" signature="accessTestBaseBeforeMethod()" name="accessTestBaseBeforeMethod" is-config="true" duration-ms="2" started-at="2012-09-11T07:34:18Z" finished-at="2012-09-11T07:34:18Z">
        </test-method>
        <test-method status="PASS" signature="accessTestBaseBeforeMethod()" name="accessTestBaseBeforeMethod" is-config="true" duration-ms="2" started-at="2012-09-11T07:34:13Z" finished-at="2012-09-11T07:34:13Z">
        </test-method>
        <test-method status="PASS" signature="accessTestBaseAfterMethod()" name="accessTestBaseAfterMethod" is-config="true" duration-ms="7" started-at="2012-09-11T07:34:13Z" finished-at="2012-09-11T07:34:13Z">
        </test-method>
        <test-method status="PASS" signature="catalogEditProperties()" name="catalogEditProperties" duration-ms="1324" started-at="2012-09-11T07:34:11Z" description="Edit Catalog properties: name, description" finished-at="2012-09-11T07:34:13Z">
        </test-method>
        <test-method status="PASS" signature="beforeMethod()" name="beforeMethod" is-config="true" duration-ms="742" started-at="2012-09-11T07:34:10Z" finished-at="2012-09-11T07:34:11Z">
        </test-method>
        <test-method status="PASS" signature="beforeClass()" name="beforeClass" is-config="true" duration-ms="15" started-at="2012-09-11T07:32:20Z" finished-at="2012-09-11T07:32:20Z">
        </test-method>
        <test-method status="PASS" signature="accessTestBaseAfterMethod()" name="accessTestBaseAfterMethod" is-config="true" duration-ms="7" started-at="2012-09-11T07:34:21Z" finished-at="2012-09-11T07:34:21Z">
        </test-method>
        <test-method status="PASS" signature="catalogChangeOwnership()" name="catalogChangeOwnership" duration-ms="97817" started-at="2012-09-11T07:32:30Z" description="Change ownership of the catalog" finished-at="2012-09-11T07:34:07Z">
        </test-method>
        <test-method status="PASS" signature="accessTestBaseAfterMethod()" name="accessTestBaseAfterMethod" is-config="true" duration-ms="83" started-at="2012-09-11T07:34:18Z" finished-at="2012-09-11T07:34:18Z">
        </test-method>
        <test-method status="PASS" signature="accessTestBaseAfterMethod()" name="accessTestBaseAfterMethod" is-config="true" duration-ms="3077" started-at="2012-09-11T07:34:07Z" finished-at="2012-09-11T07:34:10Z">
        </test-method>
        <test-method status="PASS" signature="beforeMethod()" name="beforeMethod" is-config="true" duration-ms="9731" started-at="2012-09-11T07:32:20Z" finished-at="2012-09-11T07:32:30Z">
        </test-method>
        <test-method status="PASS" signature="beforeMethod()" name="beforeMethod" is-config="true" duration-ms="453" started-at="2012-09-11T07:34:18Z" finished-at="2012-09-11T07:34:18Z">
        </test-method>
        <test-method status="PASS" signature="beforeMethod()" name="beforeMethod" is-config="true" duration-ms="596" started-at="2012-09-11T07:34:13Z" finished-at="2012-09-11T07:34:13Z">
        </test-method>
        <test-method status="PASS" signature="accessTestBaseBeforeMethod()" name="accessTestBaseBeforeMethod" is-config="true" duration-ms="2" started-at="2012-09-11T07:32:20Z" finished-at="2012-09-11T07:32:20Z">
        </test-method>
        <test-method status="PASS" signature="accessTestBaseBeforeClass()" name="accessTestBaseBeforeClass" is-config="true" duration-ms="1841" started-at="2012-09-11T07:32:18Z" finished-at="2012-09-11T07:32:20Z">
        </test-method>
        <test-method status="PASS" signature="accessTestBaseAfterClass()" name="accessTestBaseAfterClass" is-config="true" duration-ms="11862" started-at="2012-09-11T07:34:21Z" finished-at="2012-09-11T07:34:33Z">
        </test-method>
        <test-method status="PASS" signature="removeEmptyCatalog()" name="removeEmptyCatalog" duration-ms="3296" started-at="2012-09-11T07:34:18Z" finished-at="2012-09-11T07:34:21Z">
        </test-method>
        <test-method status="PASS" signature="accessTestBaseBeforeMethod()" name="accessTestBaseBeforeMethod" is-config="true" duration-ms="2" started-at="2012-09-11T07:34:10Z" finished-at="2012-09-11T07:34:10Z">
        </test-method>
      </class>
      <class name="com.vmware.qe.vcloud.tests.server.networking.networkmanagement.systemscope.edgegateway.DeleteGateway">
        <test-method status="PASS" signature="accessTestBaseBeforeClass()" name="accessTestBaseBeforeClass" is-config="true" duration-ms="2050" started-at="2012-09-11T07:20:15Z" finished-at="2012-09-11T07:20:17Z">
        </test-method>
        <test-method status="PASS" signature="deleteGatewayNotConnectedToRoutedOrgVDCNetwork()" name="deleteGatewayNotConnectedToRoutedOrgVDCNetwork" duration-ms="179692" started-at="2012-09-11T07:20:17Z" description="Delete a gateway that is not connected to routed org VDC network" finished-at="2012-09-11T07:23:17Z">
        </test-method>
        <test-method status="PASS" signature="accessTestBaseBeforeMethod()" name="accessTestBaseBeforeMethod" is-config="true" duration-ms="8" started-at="2012-09-11T07:20:17Z" finished-at="2012-09-11T07:20:17Z">
        </test-method>
        <test-method status="PASS" signature="accessTestBaseAfterClass()" name="accessTestBaseAfterClass" is-config="true" duration-ms="12049" started-at="2012-09-11T07:23:17Z" finished-at="2012-09-11T07:23:29Z">
        </test-method>
        <test-method status="PASS" signature="accessTestBaseAfterMethod()" name="accessTestBaseAfterMethod" is-config="true" duration-ms="7" started-at="2012-09-11T07:23:17Z" finished-at="2012-09-11T07:23:17Z">
        </test-method>
      </class>
      <class name="com.vmware.qe.vcloud.tests.server.c2.vapplifecycle.AddToCatalog">
        <test-method status="PASS" signature="accessTestBaseAfterClass()" name="accessTestBaseAfterClass" is-config="true" duration-ms="20118" started-at="2012-09-11T07:44:27Z" finished-at="2012-09-11T07:44:47Z">
        </test-method>
        <test-method status="PASS" signature="accessTestBaseAfterMethod()" name="accessTestBaseAfterMethod" is-config="true" duration-ms="2522" started-at="2012-09-11T07:44:25Z" finished-at="2012-09-11T07:44:27Z">
        </test-method>
        <test-method status="PASS" signature="captureToCatalogWithCustomization()" name="captureToCatalogWithCustomization" duration-ms="172470" started-at="2012-09-11T07:41:32Z" description="Capture a vapp to catalog and set Customize" finished-at="2012-09-11T07:44:25Z">
        </test-method>
        <test-method status="PASS" signature="accessTestBaseBeforeMethod()" name="accessTestBaseBeforeMethod" is-config="true" duration-ms="5" started-at="2012-09-11T07:41:32Z" finished-at="2012-09-11T07:41:32Z">
        </test-method>
        <test-method status="PASS" signature="accessTestBaseBeforeClass()" name="accessTestBaseBeforeClass" is-config="true" duration-ms="1999" started-at="2012-09-11T07:41:30Z" finished-at="2012-09-11T07:41:32Z">
        </test-method>
      </class>
    </test>
  </suite>
</testng-results>
